<?xml version="1.0" encoding="UTF-8"?>
<testExecutions version="1">
  <file path="C:\dev\ts\angular6\invoi-6\src\auth\login\login.component.spec.ts">
    <testCase name="LoginComponent should create the component" duration="942"/>
    <testCase name="LoginComponent View When view is initially displayed ... should show the input fields for email and password" duration="669"/>
    <testCase name="LoginComponent View When view is initially displayed ... should show the login button" duration="607"/>
    <testCase name="LoginComponent View When view content is edited ... should be invalid when not completely filled in" duration="593"/>
    <testCase name="LoginComponent View When view content is edited ... should have an error if email is not entered" duration="528"/>
    <testCase name="LoginComponent View When view content is edited ... should have an error if email has invalid format" duration="513"/>
    <testCase name="LoginComponent View When view content is edited ... should have an error if password is not entered" duration="563"/>
    <testCase name="LoginComponent View When view content is edited ... should have save button disabled if form is invalid" duration="567"/>
    <testCase name="LoginComponent View When view content is edited ... should invoke onSubmit handler when login button is pressed" duration="495"/>
    <testCase name="LoginComponent Controller onSubmit should dispatch Login action" duration="560"/>
  </file>
</testExecutions>