<?xml version="1.0" encoding="UTF-8"?>
<testExecutions version="1">
  <file path="C:\dev\ts\angular6\invoi-6\src\auth\users\user-details-dialog\user-details-dialog.component.spec.ts">
    <testCase name="User Details Dialog Component should create the component" duration="1037"/>
    <testCase name="User Details Dialog Component show user creation dialog correctly should show the correct title" duration="979"/>
    <testCase name="User Details Dialog Component show user creation dialog correctly should show the buttons for image upload and deletion" duration="746"/>
    <testCase name="User Details Dialog Component show user creation dialog correctly should show all relevant fields for user creation within the content area" duration="806"/>
    <testCase name="User Details Dialog Component show user creation dialog correctly should show the input fields for password and password confirmation" duration="760"/>
    <testCase name="User Details Dialog Component show user creation dialog correctly should show the checkbox for locking the user" duration="948"/>
    <testCase name="User Details Dialog Component show user creation dialog correctly should show the correct buttons" duration="902"/>
    <testCase name="User Details Dialog Component show user maintenance dialog correctly should show the correct title" duration="773"/>
    <testCase name="User Details Dialog Component show user maintenance dialog correctly should show the buttons for image upload and deletion" duration="853"/>
    <testCase name="User Details Dialog Component show user maintenance dialog correctly should show all relevant fields for user creation within the content area" duration="850"/>
    <testCase name="User Details Dialog Component show user maintenance dialog correctly should show the input fields for password and password confirmation" duration="841"/>
    <testCase name="User Details Dialog Component show user maintenance dialog correctly should show the checkbox for locking the user" duration="798"/>
    <testCase name="User Details Dialog Component show user maintenance dialog correctly should show the correct buttons" duration="751"/>
    <testCase name="User Details Dialog Component show my-profile dialog correctly should show the correct title" duration="789"/>
    <testCase name="User Details Dialog Component show my-profile dialog correctly should show the buttons for image upload and deletion" duration="613"/>
    <testCase name="User Details Dialog Component show my-profile dialog correctly should show all relevant fields for user creation within the content area" duration="595"/>
    <testCase name="User Details Dialog Component show my-profile dialog correctly should show the input fields for password and password confirmation" duration="640"/>
    <testCase name="User Details Dialog Component show my-profile dialog correctly should show the checkbox for locking the user" duration="796"/>
    <testCase name="User Details Dialog Component show my-profile dialog correctly should show the correct buttons" duration="623"/>
    <testCase name="User Details Dialog Component Form Validations - General should be invalid when not completely filled in" duration="629"/>
    <testCase name="User Details Dialog Component Form Validations - General should have an error if display name is not entered" duration="616"/>
    <testCase name="User Details Dialog Component Form Validations - General should have an error if phone number has an invalid format" duration="621"/>
    <testCase name="User Details Dialog Component Form Validations - General should have an error if organization is not entered" duration="615"/>
    <testCase name="User Details Dialog Component Form Validations - General should have an error if roles is not entered" duration="626"/>
    <testCase name="User Details Dialog Component Form Validations - General should have all buttons except cancel disabled if form has validation errors" duration="649"/>
    <testCase name="User Details Dialog Component Form Validations - General should have save resp. create button disabled if form is dirty" duration="620"/>
    <testCase name="User Details Dialog Component Form Validations - General should invoke onSave handler when save button is pressed" duration="678"/>
    <testCase name="User Details Dialog Component Form Validations - General should invoke oPasswordChange handler when change password button is pressed" duration="632"/>
    <testCase name="User Details Dialog Component Form Validations - User Creation should have an error if email is not entered" duration="702"/>
    <testCase name="User Details Dialog Component Form Validations - User Creation should have an error if email has incorrect format" duration="908"/>
    <testCase name="User Details Dialog Component Form Validations - User Creation should have an error if password and confirmed password are not identical" duration="660"/>
    <testCase name="User Details Dialog Component Form Validations - User Creation should invoke onSave handler when create button is pressed" duration="659"/>
  </file>
</testExecutions>