<?xml version="1.0" encoding="UTF-8"?>
<testExecutions version="1">
  <file path="C:\dev\ts\angular6\invoi-6\web\src\invoicing\business-services\invoices-business.service.spec.ts">
    <testCase name="Invoices Business Service should create the service" duration="154"/>
    <testCase name="Invoices Business Service should return a meaningful header template" duration="39"/>
    <testCase name="Invoices Business Service should return a meaningful item template" duration="27"/>
    <testCase name="Invoices Business Service should return meaningful default values" duration="36"/>
    <testCase name="Invoices Business Service should retrieve correct auth data during construction" duration="51"/>
    <testCase name="Invoices Business Service should retrieve correct number ranges during construction" duration="43"/>
    <testCase name="Invoices Business Service should invoke newItem and change if item addition is processed" duration="181"/>
    <testCase name="Invoices Business Service should invoke processChanges if change is processed" duration="40"/>
    <testCase name="Invoices Business Service should dispatch CopyInvoiceSuccess event if copy is processed" duration="43"/>
    <testCase name="Invoices Business Service should dispatch CreateInvoice action if create is processed" duration="42"/>
    <testCase name="Invoices Business Service should dispatch CreateInvoicePdf action if PDF creation is processed" duration="24"/>
    <testCase name="Invoices Business Service should dispatch OpenConfirmationDialog action if delete is processed" duration="30"/>
    <testCase name="Invoices Business Service should invoke store selector if getContract is processed" duration="25"/>
    <testCase name="Invoices Business Service should invoke store selector if getContracts is processed" duration="23"/>
    <testCase name="Invoices Business Service should invoke store selector if getCurrent is processed" duration="27"/>
    <testCase name="Invoices Business Service should return the next id for an invoice" duration="35"/>
    <testCase name="Invoices Business Service should invoke store selector if getReceiver is processed" duration="26"/>
    <testCase name="Invoices Business Service should invoke store selector if getReceivers is processed" duration="23"/>
    <testCase name="Invoices Business Service should invoke store selector if getSummary is processed" duration="21"/>
    <testCase name="Invoices Business Service should invoke store selector if isChangeable is processed" duration="21"/>
    <testCase name="Invoices Business Service should invoke store selector if isDeletable is processed" duration="34"/>
    <testCase name="Invoices Business Service should dispatch NewInvoiceSuccess event if new is processed" duration="32"/>
    <testCase name="Invoices Business Service should prepare a new invoice for a given contract and dispatch NewQuickInvoiceSuccess event" duration="66"/>
    <testCase name="Invoices Business Service should return a new item (template)" duration="30"/>
    <testCase name="Invoices Business Service should invoke change if removeItem is processed" duration="32"/>
    <testCase name="Invoices Business Service should dispatch SendInvoiceEmail action when sendEmail is processed" duration="30"/>
    <testCase name="Invoices Business Service should dispatch UpdateInvoice action when update is processed" duration="34"/>
    <testCase name="Invoices Business Service should detect change of receiver on an invoice and handle it" duration="53"/>
    <testCase name="Invoices Business Service should detect change of contract on an invoice and handle it" duration="49"/>
    <testCase name="Invoices Business Service should detect change of contract id on an invoice item and handle it" duration="62"/>
  </file>
  <file path="C:\dev\ts\angular6\invoi-6\web\src\invoicing\components\contract-form\contract-form.component.spec.ts">
    <testCase name="Contract Details Form Component should create the component" duration="2923"/>
    <testCase name="Contract Details Form Component Controller should return the title" duration="1825"/>
    <testCase name="Contract Details Form Component Controller should build and patch the form and listen to changes when the form is initially built" duration="1384"/>
    <testCase name="Contract Details Form Component Controller should only patch the form in case of changes when the form has already been built" duration="1357"/>
    <testCase name="Contract Details Form Component Controller should provide the correct values in the form controls" duration="1150"/>
    <testCase name="Contract Details Form Component View when contract from is initially displayed in edit mode should show the tabs for details, texts, documents, open invoices and invoices" duration="1739"/>
    <testCase name="Contract Details Form Component View when contract from is initially displayed in edit mode Buttons should show the buttons cancel, new, copy on the details and the text tab" duration="1641"/>
    <testCase name="Contract Details Form Component View when contract from is initially displayed in edit mode Buttons should show the button new invoice on the details tab if the contract is invoiceable" duration="1557"/>
    <testCase name="Contract Details Form Component View when contract from is initially displayed in edit mode Buttons should show the button delete on the details tab if the contract is deletable" duration="1348"/>
    <testCase name="Contract Details Form Component View when contract form has been edited should show an error if a mandatory field is not entered" duration="1191"/>
    <testCase name="Contract Details Form Component View when contract form has been edited should show an error if numeric field is not entered correctly" duration="1117"/>
    <testCase name="Contract Details Form Component View when contract form has been edited should show an error if no items have been entered" duration="922"/>
    <testCase name="Contract Details Form Component View when contract form has been edited Buttons should only enable the cancel button if there are any errors on the form" duration="1263"/>
    <testCase name="Contract Details Form Component View when contract form has been edited Buttons should enable cancel, delete and save buttons if there are no errors on the edited form" duration="1172"/>
    <testCase name="Contract Details Form Component View when contract form has been edited Buttons should show the button new invoice on the details tab if the contract is invoiceable" duration="1091"/>
    <testCase name="Contract Details Form Component View when contract form has been edited Buttons should show the button delete on the details tab if the contract is deletable" duration="1212"/>
  </file>
  <file path="C:\dev\ts\angular6\invoi-6\web\src\invoicing\components\invoice-form\invoice-form.component.spec.ts">
    <testCase name="Invoice Details Form Component should create the component" duration="2988"/>
    <testCase name="Invoice Details Form Component Controller should return the title" duration="2024"/>
    <testCase name="Invoice Details Form Component Controller should build and patch the form and listen to changes when the form is initially built" duration="1606"/>
    <testCase name="Invoice Details Form Component Controller should only patch the form in case of changes when the form has already been built" duration="1444"/>
    <testCase name="Invoice Details Form Component Controller should provide the correct values in the form controls" duration="1458"/>
    <testCase name="Invoice Details Form Component View when invoice from is initially displayed in edit mode should show the tabs for details, texts and documents" duration="1982"/>
    <testCase name="Invoice Details Form Component View when invoice from is initially displayed in edit mode Buttons should show the buttons cancel, new, copy on the details and the text tab" duration="1841"/>
    <testCase name="Invoice Details Form Component View when invoice from is initially displayed in edit mode Buttons should show the button create Pdf if invoice has not yet been sent or paid" duration="1621"/>
    <testCase name="Invoice Details Form Component View when invoice from is initially displayed in edit mode Buttons should show the button send invoice if invoice is sendable" duration="1752"/>
    <testCase name="Invoice Details Form Component View when invoice from is initially displayed in edit mode Buttons should show the button delete if the invoice is deletable" duration="1603"/>
    <testCase name="Invoice Details Form Component View when contract form has been edited should show an error if a mandatory field is not entered" duration="1245"/>
    <testCase name="Invoice Details Form Component View when contract form has been edited should show an error if numeric field is not entered correctly" duration="1065"/>
    <testCase name="Invoice Details Form Component View when contract form has been edited should show an error if no items have been entered" duration="1012"/>
    <testCase name="Invoice Details Form Component View when contract form has been edited Buttons should only enable the cancel and delete button if there are any errors on the form" duration="1363"/>
    <testCase name="Invoice Details Form Component View when contract form has been edited Buttons should enable cancel, delete and save buttons if there are no errors on the edited (dirty) form" duration="1308"/>
    <testCase name="Invoice Details Form Component View when contract form has been edited Buttons should show the button send invoice if the invoice is sendable" duration="1336"/>
    <testCase name="Invoice Details Form Component View when contract form has been edited Buttons should show the button delete on the details tab if the contract is deletable" duration="1289"/>
  </file>
  <file path="C:\dev\ts\angular6\invoi-6\web\src\auth\users\user-details-dialog\user-details-dialog.component.spec.ts">
    <testCase name="User Details Dialog Component should create the component" duration="2198"/>
    <testCase name="User Details Dialog Component View When dialog is initially displayed ... When new user is to be created ... should show the correct title" duration="2016"/>
    <testCase name="User Details Dialog Component View When dialog is initially displayed ... When new user is to be created ... should show the buttons for image upload and deletion" duration="1391"/>
    <testCase name="User Details Dialog Component View When dialog is initially displayed ... When new user is to be created ... should show all relevant fields for user creation within the content area" duration="1359"/>
    <testCase name="User Details Dialog Component View When dialog is initially displayed ... When new user is to be created ... should show / not show the input fields for password and password confirmation" duration="1287"/>
    <testCase name="User Details Dialog Component View When dialog is initially displayed ... When new user is to be created ... should show the checkbox for locking the user" duration="1194"/>
    <testCase name="User Details Dialog Component View When dialog is initially displayed ... When new user is to be created ... should show the correct buttons" duration="1254"/>
    <testCase name="User Details Dialog Component View When dialog is initially displayed ... When existing user is to be edited ... should show the correct title" duration="1019"/>
    <testCase name="User Details Dialog Component View When dialog is initially displayed ... When existing user is to be edited ... should show the buttons for image upload and deletion" duration="1092"/>
    <testCase name="User Details Dialog Component View When dialog is initially displayed ... When existing user is to be edited ... should show all relevant fields for user creation within the content area" duration="952"/>
    <testCase name="User Details Dialog Component View When dialog is initially displayed ... When existing user is to be edited ... should show / not show the input fields for password and password confirmation" duration="904"/>
    <testCase name="User Details Dialog Component View When dialog is initially displayed ... When existing user is to be edited ... should show the checkbox for locking the user" duration="975"/>
    <testCase name="User Details Dialog Component View When dialog is initially displayed ... When existing user is to be edited ... should show the correct buttons" duration="869"/>
    <testCase name="User Details Dialog Component View When dialog is initially displayed ... When my own profile is to be edited ... should show the correct title" duration="820"/>
    <testCase name="User Details Dialog Component View When dialog is initially displayed ... When my own profile is to be edited ... should show the buttons for image upload and deletion" duration="874"/>
    <testCase name="User Details Dialog Component View When dialog is initially displayed ... When my own profile is to be edited ... should show all relevant fields for user creation within the content area" duration="860"/>
    <testCase name="User Details Dialog Component View When dialog is initially displayed ... When my own profile is to be edited ... should show / not show the input fields for password and password confirmation" duration="866"/>
    <testCase name="User Details Dialog Component View When dialog is initially displayed ... When my own profile is to be edited ... should show the checkbox for locking the user" duration="775"/>
    <testCase name="User Details Dialog Component View When dialog is initially displayed ... When my own profile is to be edited ... should show the correct buttons" duration="789"/>
    <testCase name="User Details Dialog Component View When dialog content is edited ... When common fields are edited ... should be invalid when not completely filled in" duration="825"/>
    <testCase name="User Details Dialog Component View When dialog content is edited ... When common fields are edited ... should have an error if display name is not entered" duration="840"/>
    <testCase name="User Details Dialog Component View When dialog content is edited ... When common fields are edited ... should have an error if phone number has an invalid format" duration="804"/>
    <testCase name="User Details Dialog Component View When dialog content is edited ... When common fields are edited ... should have an error if organization is not entered" duration="775"/>
    <testCase name="User Details Dialog Component View When dialog content is edited ... When common fields are edited ... should have an error if roles is not entered" duration="753"/>
    <testCase name="User Details Dialog Component View When dialog content is edited ... When common fields are edited ... should have all buttons except cancel disabled if form has validation errors" duration="732"/>
    <testCase name="User Details Dialog Component View When dialog content is edited ... When common fields are edited ... should have save resp. create button disabled if form is dirty" duration="762"/>
    <testCase name="User Details Dialog Component View When dialog content is edited ... When common fields are edited ... should invoke onUploadImage handler when upload image button is pressed" duration="731"/>
    <testCase name="User Details Dialog Component View When dialog content is edited ... When common fields are edited ... should invoke onDeleteImage handler when delete image button is pressed" duration="827"/>
    <testCase name="User Details Dialog Component View When dialog content is edited ... When common fields are edited ... should invoke onSave handler when save button is pressed" duration="665"/>
    <testCase name="User Details Dialog Component View When dialog content is edited ... When common fields are edited ... should invoke onPasswordChange handler when change password button is pressed" duration="795"/>
    <testCase name="User Details Dialog Component View When dialog content is edited ... When fields for user creation are edited ... should have an error if email is not entered" duration="794"/>
    <testCase name="User Details Dialog Component View When dialog content is edited ... When fields for user creation are edited ... should have an error if email has incorrect format" duration="810"/>
    <testCase name="User Details Dialog Component View When dialog content is edited ... When fields for user creation are edited ... should have an error if password and confirmed password are not identical" duration="769"/>
    <testCase name="User Details Dialog Component View When dialog content is edited ... When fields for user creation are edited ... should invoke onSave handler when create button is pressed" duration="873"/>
    <testCase name="User Details Dialog Component Controller ngOnInit should invoke UsersBusinessService.getThumbnailUrlForSize, buildForm and patchForm" duration="686"/>
    <testCase name="User Details Dialog Component Controller onChangePassword should invoke UsersUiService.openPasswordChangePopup" duration="660"/>
    <testCase name="User Details Dialog Component Controller onDeleteImage should invoke UsersBusinessService.deleteProfileImage" duration="597"/>
    <testCase name="User Details Dialog Component Controller onSave should invoke changeObject and MatDialogRef.close in any case" duration="696"/>
    <testCase name="User Details Dialog Component Controller onSave should invoke UsersBusinessService.updateProfile when editing an existing user profile" duration="943"/>
    <testCase name="User Details Dialog Component Controller onSave should invoke UsersBusinessService.create when creating a new user profile" duration="676"/>
    <testCase name="User Details Dialog Component Controller onUploadImage should invoke UsersBusinessService.uploadProfileImage" duration="718"/>
  </file>
  <file path="C:\dev\ts\angular6\invoi-6\web\src\invoicing\business-services\receivers-business.service.spec.ts">
    <testCase name="Receivers Business Service should create the service" duration="53"/>
    <testCase name="Receivers Business Service should return a meaningful template" duration="21"/>
    <testCase name="Receivers Business Service should return meaningful default values" duration="29"/>
    <testCase name="Receivers Business Service should retrieve correct auth data during construction" duration="32"/>
    <testCase name="Receivers Business Service should retrieve correct number range during construction" duration="49"/>
    <testCase name="Receivers Business Service should dispatch ChangeReceiverSuccess event if change is processed" duration="24"/>
    <testCase name="Receivers Business Service should dispatch CopyReceiverSuccess event if copy is processed" duration="35"/>
    <testCase name="Receivers Business Service should dispatch CreateReceiver action if create is processed" duration="23"/>
    <testCase name="Receivers Business Service should create new invoice for receiver if there is exactly one invoicable contract for the receiver" duration="109"/>
    <testCase name="Receivers Business Service should NOT create new invoice for receiver if there is NOT exactly one invoicable contract for the receiver" duration="68"/>
    <testCase name="Receivers Business Service should dispatch OpenConfirmationDialog action if delete is processed" duration="23"/>
    <testCase name="Receivers Business Service should invoke store selector if getActiveContracts is processed" duration="18"/>
    <testCase name="Receivers Business Service should invoice SettingsBusinessService.getCountries if getCountries is processed" duration="25"/>
    <testCase name="Receivers Business Service should invoke store selector if getCurrent is processed" duration="19"/>
    <testCase name="Receivers Business Service should invoke store selector if getLastInvoices is processed" duration="27"/>
    <testCase name="Receivers Business Service should invoke store selector if getOpenInvoices is processed" duration="26"/>
    <testCase name="Receivers Business Service should invoke store selector if getRecentContracts is processed" duration="42"/>
    <testCase name="Receivers Business Service should invoke store selector if getOpenInvoices is processed" duration="51"/>
    <testCase name="Receivers Business Service should invoke store selector if getRecentContracts is processed" duration="24"/>
    <testCase name="Receivers Business Service should invoke store selector if isDeletable is processed" duration="28"/>
    <testCase name="Receivers Business Service should invoke store selector if isQualifiedForQuickInvoice is processed" duration="32"/>
    <testCase name="Receivers Business Service should dispatch NewReceiverSuccess event if new is processed" duration="28"/>
    <testCase name="Receivers Business Service should dispatch UpdateReceiver action when update is processed" duration="24"/>
  </file>
  <file path="C:\dev\ts\angular6\invoi-6\web\src\auth\password-change-dialog\password-change-dialog.component.spec.ts">
    <testCase name="PasswordChangeDialogComponent should create the component" duration="1519"/>
    <testCase name="PasswordChangeDialogComponent View When dialog is initially displayed ... When current user&apos;s password is to be changed ... should show the correct title" duration="1228"/>
    <testCase name="PasswordChangeDialogComponent View When dialog is initially displayed ... When current user&apos;s password is to be changed ... should show all relevant fields for password change in the content area" duration="1102"/>
    <testCase name="PasswordChangeDialogComponent View When dialog is initially displayed ... When current user&apos;s password is to be changed ... should show the input fields for password and confirmation" duration="1582"/>
    <testCase name="PasswordChangeDialogComponent View When dialog is initially displayed ... When current user&apos;s password is to be changed ... should show / not show the input field for the old password" duration="980"/>
    <testCase name="PasswordChangeDialogComponent View When dialog is initially displayed ... When current user&apos;s password is to be changed ... should show the save and cancel buttons" duration="874"/>
    <testCase name="PasswordChangeDialogComponent View When dialog is initially displayed ... When other user&apos;s password is to be changed ... should show the correct title" duration="847"/>
    <testCase name="PasswordChangeDialogComponent View When dialog is initially displayed ... When other user&apos;s password is to be changed ... should show all relevant fields for password change in the content area" duration="749"/>
    <testCase name="PasswordChangeDialogComponent View When dialog is initially displayed ... When other user&apos;s password is to be changed ... should show the input fields for password and confirmation" duration="754"/>
    <testCase name="PasswordChangeDialogComponent View When dialog is initially displayed ... When other user&apos;s password is to be changed ... should show / not show the input field for the old password" duration="923"/>
    <testCase name="PasswordChangeDialogComponent View When dialog is initially displayed ... When other user&apos;s password is to be changed ... should show the save and cancel buttons" duration="812"/>
    <testCase name="PasswordChangeDialogComponent View When dialog content is edited ... should be invalid when not completely filled in" duration="1405"/>
    <testCase name="PasswordChangeDialogComponent View When dialog content is edited ... should have an error if password is not entered" duration="801"/>
    <testCase name="PasswordChangeDialogComponent View When dialog content is edited ... should have an error if confirmation is not entered" duration="724"/>
    <testCase name="PasswordChangeDialogComponent View When dialog content is edited ... should have an error if password and confirmation are not identical" duration="746"/>
    <testCase name="PasswordChangeDialogComponent View When dialog content is edited ... should have save button disabled if form is invalid" duration="735"/>
    <testCase name="PasswordChangeDialogComponent View When dialog content is edited ... should invoke onSave handler when save button is pressed" duration="859"/>
    <testCase name="PasswordChangeDialogComponent View When dialog content is edited to change the user&apos;s own password ... should have an error if old password is not entered" duration="733"/>
    <testCase name="PasswordChangeDialogComponent Controller ngOnInit should invoke buildForm and patchForm" duration="681"/>
    <testCase name="PasswordChangeDialogComponent Controller onSave should invoke changeObject, UserBusinessService.changePassword and MatDialogRef.close" duration="730"/>
  </file>
  <file path="C:\dev\ts\angular6\invoi-6\web\src\invoicing\components\receiver-form\receiver-form.component.spec.ts">
    <testCase name="Receiver Details Form Component should create the component" duration="1954"/>
    <testCase name="Receiver Details Form Component Controller should return the title" duration="1419"/>
    <testCase name="Receiver Details Form Component Controller should build and patch the form and listen to changes when the form is initially built" duration="1228"/>
    <testCase name="Receiver Details Form Component Controller should only patch the form in case of changes when the form has already been built" duration="1473"/>
    <testCase name="Receiver Details Form Component Controller should provide the correct values in the form controls" duration="1059"/>
    <testCase name="Receiver Details Form Component View when receiver from is initially displayed in edit mode should show the tabs for details, texts, documents, recent contracts and recent invoices" duration="1295"/>
    <testCase name="Receiver Details Form Component View when receiver from is initially displayed in edit mode Buttons should show the buttons cancel, new, copy on the details and the text tab" duration="1333"/>
    <testCase name="Receiver Details Form Component View when receiver from is initially displayed in edit mode Buttons should show the button new invoice on the details tab if the receiver is qualified for quick invoices" duration="1491"/>
    <testCase name="Receiver Details Form Component View when receiver from is initially displayed in edit mode Buttons should show the button delete if the receiver is deletable" duration="2075"/>
    <testCase name="Receiver Details Form Component View when contract form has been edited should show an error if a mandatory field is not entered" duration="1263"/>
    <testCase name="Receiver Details Form Component View when contract form has been edited should show an error if special format field is not entered correctly" duration="1107"/>
    <testCase name="Receiver Details Form Component View when contract form has been edited Buttons should only enable the cancel button if there are any errors on the form" duration="1255"/>
    <testCase name="Receiver Details Form Component View when contract form has been edited Buttons should enable cancel, delete and save buttons if there are no errors on the edited form" duration="1230"/>
    <testCase name="Receiver Details Form Component View when contract form has been edited Buttons should show the quick invoice button if the receiver is qualified for quick invoices" duration="1230"/>
    <testCase name="Receiver Details Form Component View when contract form has been edited Buttons should show the button delete on the details tab if the contract is deletable" duration="1011"/>
  </file>
  <file path="C:\dev\ts\angular6\invoi-6\web\src\invoicing\components\quick-invoice-form\quick-invoice-form.component.spec.ts">
    <testCase name="Quick Invoice Form Component should create the component" duration="1802"/>
    <testCase name="Quick Invoice Form Component Controller should build and patch the form and listen to changes when the form is initially built" duration="1384"/>
    <testCase name="Quick Invoice Form Component Controller should only patch the form in case of changes when the form has already been built" duration="1283"/>
    <testCase name="Quick Invoice Form Component Controller should provide the correct values in the form controls" duration="1119"/>
    <testCase name="Quick Invoice Form Component View when invoice from is initially displayed in edit mode should show the receiver and contract" duration="1206"/>
    <testCase name="Quick Invoice Form Component View when invoice from is initially displayed in edit mode Buttons should show the buttons cancel and save - save disabled if form is not dirty or has errors" duration="1156"/>
    <testCase name="Quick Invoice Form Component View when quick invoice form has been edited should show an error if a mandatory field is not entered" duration="1069"/>
    <testCase name="Quick Invoice Form Component View when quick invoice form has been edited should show an error if numeric field is not entered correctly" duration="1070"/>
    <testCase name="Quick Invoice Form Component View when quick invoice form has been edited Buttons should disable the save button if there are errors on the form" duration="1195"/>
    <testCase name="Quick Invoice Form Component View when quick invoice form has been edited Buttons should only enable the save button if something has been entered and there are no errors on the form" duration="1048"/>
  </file>
  <file path="C:\dev\ts\angular6\invoi-6\web\src\admin\containers\country-list\country-list.component.spec.ts">
    <testCase name="Country List Component should create the component" duration="1348"/>
    <testCase name="Country List Component Controller should invoke service getSupportedLanguages and getCountrySettings when component is initialized" duration="1174"/>
    <testCase name="Country List Component Controller should return the number of translations existing for a county" duration="1057"/>
    <testCase name="Country List Component Controller should open the details dialog if add translation button is pressed for a country" duration="996"/>
    <testCase name="Country List Component Controller should update the country settings if a country is deleted" duration="1006"/>
    <testCase name="Country List Component Controller should open the details dialog if new button is pressed" duration="793"/>
    <testCase name="Country List Component Controller should open the details dialog if country is selected" duration="790"/>
    <testCase name="Country List Component Controller should open the country details dialog when requested" duration="767"/>
    <testCase name="Country List Component View should show the create and the back button" duration="904"/>
    <testCase name="Country List Component View should show a table with header line and 3 lines with users" duration="922"/>
    <testCase name="Country List Component View should invoke onNew handler when create button is pressed" duration="937"/>
  </file>
  <file path="C:\dev\ts\angular6\invoi-6\web\src\admin\containers\vat-details-dialog\vat-details-dialog.component.spec.ts">
    <testCase name="VAT Details Dialog Component should create the component" duration="1684"/>
    <testCase name="VAT Details Dialog Component Controller should invoke buildForm and patchForm when component is initialized" duration="1276"/>
    <testCase name="VAT Details Dialog Component Controller should invoke changeObject and close the dialog when save button is pressed" duration="1116"/>
    <testCase name="VAT Details Dialog Component Controller should build the form from the given vat settings when component is initialized" duration="1055"/>
    <testCase name="VAT Details Dialog Component View When new vat entry is to be created ... should show the correct title" duration="1059"/>
    <testCase name="VAT Details Dialog Component View When new vat entry is to be created ... should show the buttons for save or create or add period and cancel" duration="1009"/>
    <testCase name="VAT Details Dialog Component View When new vat entry is to be created ... should only enable the save, create or add period button if form is valid" duration="982"/>
    <testCase name="VAT Details Dialog Component View When existing vat entry is to be edited ... should show the correct title" duration="926"/>
    <testCase name="VAT Details Dialog Component View When existing vat entry is to be edited ... should show the buttons for save or create or add period and cancel" duration="945"/>
    <testCase name="VAT Details Dialog Component View When existing vat entry is to be edited ... should only enable the save, create or add period button if form is valid" duration="887"/>
    <testCase name="VAT Details Dialog Component View When a new validity period is entered for an existing vat entry ... should show the correct title" duration="873"/>
    <testCase name="VAT Details Dialog Component View When a new validity period is entered for an existing vat entry ... should show the buttons for save or create or add period and cancel" duration="768"/>
    <testCase name="VAT Details Dialog Component View When a new validity period is entered for an existing vat entry ... should only enable the save, create or add period button if form is valid" duration="878"/>
  </file>
  <file path="C:\dev\ts\angular6\invoi-6\web\src\admin\containers\country-details-dialog\country-details-dialog.component.spec.ts">
    <testCase name="Country Details Dialog Component should create the component" duration="1564"/>
    <testCase name="Country Details Dialog Component View When dialog is initially displayed ... When new country is to be created ... should show the correct title" duration="1374"/>
    <testCase name="Country Details Dialog Component View When dialog is initially displayed ... When new country is to be created ... should show the buttons for save and cancel" duration="1197"/>
    <testCase name="Country Details Dialog Component View When dialog is initially displayed ... When existing user is to be edited ... should show the correct title" duration="1107"/>
    <testCase name="Country Details Dialog Component View When dialog is initially displayed ... When existing user is to be edited ... should show the buttons for save and cancel" duration="966"/>
    <testCase name="Country Details Dialog Component View When dialog content is edited ... When common fields are edited ... should be invalid when not completely filled in" duration="895"/>
    <testCase name="Country Details Dialog Component View When dialog content is edited ... When common fields are edited ... should have all buttons except cancel disabled if form has validation errors" duration="861"/>
    <testCase name="Country Details Dialog Component View When dialog content is edited ... When common fields are edited ... should have save resp. create button enabled if form is dirty" duration="789"/>
    <testCase name="Country Details Dialog Component View When dialog content is edited ... When common fields are edited ... should invoke onSave handler when save button is pressed" duration="931"/>
    <testCase name="Country Details Dialog Component View When dialog content is edited ... When fields for country creation are edited ... should have an error if no translation is entered" duration="865"/>
    <testCase name="Country Details Dialog Component View When dialog content is edited ... When fields for country creation are edited ... should invoke onSave handler when create button is pressed" duration="845"/>
    <testCase name="Country Details Dialog Component Controller ngOnInit should invoke buildForm" duration="801"/>
    <testCase name="Country Details Dialog Component Controller onSave should invoke changeObject and MatDialogRef.close in any case" duration="735"/>
  </file>
  <file path="C:\dev\ts\angular6\invoi-6\web\src\invoicing\components\contract-card\contract-card.component.spec.ts">
    <testCase name="Contract Card Component should create the component" duration="1222"/>
    <testCase name="Contract Card Component View When component is initially displayed should show the contract description in the card title" duration="1002"/>
    <testCase name="Contract Card Component View When component is initially displayed should show the receiver&apos;s name in the card sub title" duration="1080"/>
    <testCase name="Contract Card Component View When component is initially displayed should show the customer id as a link in the card" duration="794"/>
    <testCase name="Contract Card Component View When component is initially displayed should show the contract start date" duration="883"/>
    <testCase name="Contract Card Component View When component is initially displayed should show the contract end date" duration="788"/>
    <testCase name="Contract Card Component View When component is initially displayed should show the contract budget" duration="716"/>
    <testCase name="Contract Card Component View When component is initially displayed should show the contract revenue" duration="703"/>
    <testCase name="Contract Card Component View When component is initially displayed should show the last invoice as a link in the card" duration="738"/>
    <testCase name="Contract Card Component View When component is initially displayed should navigate to receiver details when receiver link is pressed" duration="691"/>
    <testCase name="Contract Card Component View When component is initially displayed should navigate to last invoice details when last invoice link is pressed" duration="731"/>
  </file>
  <file path="C:\dev\ts\angular6\invoi-6\web\src\invoicing\components\invoice-card\invoice-card.component.spec.ts">
    <testCase name="Invoice Card Component should create the component" duration="1435"/>
    <testCase name="Invoice Card Component View When component is initially displayed should show the receiver&apos;s name in the card title" duration="1096"/>
    <testCase name="Invoice Card Component View When component is initially displayed should show the issued at date in the card sub title" duration="1134"/>
    <testCase name="Invoice Card Component View When component is initially displayed should show the contract id as a link in the card" duration="1022"/>
    <testCase name="Invoice Card Component View When component is initially displayed should show the net value" duration="842"/>
    <testCase name="Invoice Card Component View When component is initially displayed should show the vat amount" duration="749"/>
    <testCase name="Invoice Card Component View When component is initially displayed should show the gross value" duration="770"/>
    <testCase name="Invoice Card Component View When component is initially displayed should show the payment amount" duration="800"/>
    <testCase name="Invoice Card Component View When component is initially displayed should show the due date" duration="710"/>
    <testCase name="Invoice Card Component View When component is initially displayed should show the cash discount date, if cash discount is granted" duration="744"/>
    <testCase name="Invoice Card Component View When component is initially displayed should navigate to contract details when contract link is pressed" duration="714"/>
  </file>
  <file path="C:\dev\ts\angular6\invoi-6\web\src\invoicing\containers\document-link-list\document-link-list.component.spec.ts">
    <testCase name="Document Link List should create the component" duration="1471"/>
    <testCase name="Document Link List Controller should invoke service getDocumentLinks when main object changes" duration="1229"/>
    <testCase name="Document Link List Controller should return the correct path to the file" duration="1091"/>
    <testCase name="Document Link List Controller should return true if anything is selected, otherwise false" duration="1084"/>
    <testCase name="Document Link List Controller should return true if document link is selected, false if not" duration="988"/>
    <testCase name="Document Link List Controller should toggle the attachedToEmail flag" duration="855"/>
    <testCase name="Document Link List Controller should dispatch the actions to delete the selected document link if delete button is pressed" duration="805"/>
    <testCase name="Document Link List Controller should invoke the actions to download the selected document if download button is pressed" duration="794"/>
    <testCase name="Document Link List Controller should add respectively delete entry from selected document links if selection flag is toggled" duration="778"/>
    <testCase name="Document Link List Controller should add / delete selection for all entries if select all is toggled" duration="818"/>
    <testCase name="Document Link List Controller should invoke service update if document type is changed" duration="754"/>
    <testCase name="Document Link List Controller should dispatch the actions to upload a file and create a document link if upload button is pressed" duration="806"/>
    <testCase name="Document Link List Controller should open the upload dialog when requested" duration="694"/>
    <testCase name="Document Link List View should only show the upload button if no entry is selected" duration="719"/>
    <testCase name="Document Link List View should show the download and delete buttons if an entry is selected" duration="809"/>
  </file>
  <file path="C:\dev\ts\angular6\invoi-6\web\src\invoicing\abstracts\details-form.component.spec.ts">
    <testCase name="Abstract Details Form Component should create the component" duration="2199"/>
    <testCase name="Abstract Details Form Component Controller should initialize the document link changes" duration="1690"/>
    <testCase name="Abstract Details Form Component Controller should build and patch the form and listen to changes when the form is initially built" duration="1362"/>
    <testCase name="Abstract Details Form Component Controller should only patch the form in case of changes when the form has already been built" duration="1296"/>
    <testCase name="Abstract Details Form Component Controller should dispatch Back action when onCancel is handled" duration="1224"/>
    <testCase name="Abstract Details Form Component Controller should emit copy event and reset the form when onCopy is handled" duration="1211"/>
    <testCase name="Abstract Details Form Component Controller should emit delete event when onDelete is handled" duration="1063"/>
    <testCase name="Abstract Details Form Component Controller should emit new event and reset the form when onNew is handled" duration="1201"/>
    <testCase name="Abstract Details Form Component Controller should emit create event and reset the form when onSave is handled for a newly created object" duration="1093"/>
    <testCase name="Abstract Details Form Component Controller should emit update event and reset the form when onSave is handled for an existing object" duration="1226"/>
  </file>
  <file path="C:\dev\ts\angular6\invoi-6\web\src\auth\login\login.component.spec.ts">
    <testCase name="LoginComponent should create the component" duration="1414"/>
    <testCase name="LoginComponent View When view is initially displayed ... should show the input fields for email and password" duration="1074"/>
    <testCase name="LoginComponent View When view is initially displayed ... should show the login button" duration="1082"/>
    <testCase name="LoginComponent View When view content is edited ... should be invalid when not completely filled in" duration="918"/>
    <testCase name="LoginComponent View When view content is edited ... should have an error if email is not entered" duration="1038"/>
    <testCase name="LoginComponent View When view content is edited ... should have an error if email has invalid format" duration="841"/>
    <testCase name="LoginComponent View When view content is edited ... should have an error if password is not entered" duration="921"/>
    <testCase name="LoginComponent View When view content is edited ... should have save button disabled if form is invalid" duration="811"/>
    <testCase name="LoginComponent View When view content is edited ... should invoke onSubmit handler when login button is pressed" duration="867"/>
    <testCase name="LoginComponent Controller onSubmit should dispatch Login action" duration="716"/>
  </file>
  <file path="C:\dev\ts\angular6\invoi-6\web\src\invoicing\components\receiver-card\receiver-card.component.spec.ts">
    <testCase name="Receiver Card Component should create the component" duration="1392"/>
    <testCase name="Receiver Card Component View When component is initially displayed should show the receiver&apos;s name in the card title" duration="1127"/>
    <testCase name="Receiver Card Component View When component is initially displayed should show the status description in the card sub title" duration="1228"/>
    <testCase name="Receiver Card Component View When component is initially displayed should show the number of active contracts" duration="936"/>
    <testCase name="Receiver Card Component View When component is initially displayed should show the number of expired contracts" duration="898"/>
    <testCase name="Receiver Card Component View When component is initially displayed should show the last contract id as a link" duration="804"/>
    <testCase name="Receiver Card Component View When component is initially displayed should show the number of due invoices" duration="847"/>
    <testCase name="Receiver Card Component View When component is initially displayed should show the number of open invoices" duration="728"/>
    <testCase name="Receiver Card Component View When component is initially displayed should show the last invoice id as a link" duration="716"/>
    <testCase name="Receiver Card Component View When component is initially displayed should navigate to last contract details when last contract link is pressed" duration="783"/>
    <testCase name="Receiver Card Component View When component is initially displayed should navigate to last invoice details when last invoice link is pressed" duration="649"/>
  </file>
  <file path="C:\dev\ts\angular6\invoi-6\web\src\invoicing\components\contract-item-form\contract-item-form.component.spec.ts">
    <testCase name="Contract Item Form Component should create the component" duration="1486"/>
    <testCase name="Contract Item Form Component Controller should provide the correct values in the form controls" duration="1143"/>
    <testCase name="Contract Item Form Component View should show the delete button if contract is changeable" duration="1249"/>
    <testCase name="Contract Item Form Component View should show an error message if mandatory field is not filled" duration="1146"/>
    <testCase name="Contract Item Form Component View should show an error if numeric field is not entered correctly" duration="1056"/>
    <testCase name="Contract Item Form Component View should invoke onDelete if delete button is pressed" duration="973"/>
  </file>
  <file path="C:\dev\ts\angular6\invoi-6\web\src\admin\containers\vat-list\vat-list.component.spec.ts">
    <testCase name="VAT List Component should create the component" duration="1427"/>
    <testCase name="VAT List Component Controller should invoke service getVatSettings when component is initialized" duration="1083"/>
    <testCase name="VAT List Component Controller should open the details dialog if add translation button is pressed for a country" duration="1118"/>
    <testCase name="VAT List Component Controller should update the vat settings if a vat entry is deleted" duration="935"/>
    <testCase name="VAT List Component Controller should open the details dialog if new button is pressed" duration="951"/>
    <testCase name="VAT List Component Controller should open the details dialog if country is selected" duration="885"/>
    <testCase name="VAT List Component Controller should open the vat details dialog when requested" duration="898"/>
    <testCase name="VAT List Component View should show the create and the back button" duration="943"/>
    <testCase name="VAT List Component View should show a table with header line and 3 lines with users" duration="1027"/>
  </file>
  <file path="C:\dev\ts\angular6\invoi-6\web\src\auth\services\auth.service.spec.ts">
    <testCase name="Auth Service should create the service" duration="1317"/>
    <testCase name="Auth Service queryAuth should invoke FbAuthService.getAuthState, FBStoreService.getOneUserProfile, setIdToken
    and return the current user&apos;s profile" duration="1148"/>
    <testCase name="Auth Service login should invoke FbAuthService.signInWithEmailAndPassword and return true for a successful login" duration="952"/>
    <testCase name="Auth Service login should invoke FbAuthService.signInWithEmailAndPassword and return false for an unsuccessful login" duration="795"/>
    <testCase name="Auth Service logout should invoke FbAuthService.logout, removeIdToken and UiService.openSnackBar" duration="908"/>
    <testCase name="Auth Service changeMyPassword should invoke FbAuthService.changeMyPassword to change the current user&apos;s password" duration="808"/>
    <testCase name="Auth Service changePassword should invoke FbFunctionsService.changePassword to change the password" duration="1275"/>
    <testCase name="Auth Service getMessage should return a message content consisting of text and usage" duration="681"/>
    <testCase name="Auth Service removeIdToken should invoke sessionStorage.removeItem" duration="544"/>
    <testCase name="Auth Service setIdToken should invoke FbAuthService.getIdToken" duration="740"/>
  </file>
  <file path="C:\dev\ts\angular6\invoi-6\web\src\auth\users\users.component.spec.ts">
    <testCase name="Users Component should create the component" duration="1668"/>
    <testCase name="Users Component View should show the create and the back button" duration="1298"/>
    <testCase name="Users Component View should show a table with header line and 4 lines with users" duration="1100"/>
    <testCase name="Users Component View should invoke onNew handler when create button is pressed" duration="1032"/>
    <testCase name="Users Component View should invoke onSelect handler when user is selected" duration="1131"/>
    <testCase name="Users Component Controller ngOnInit should invoke UserBusinessService.getAllUsers" duration="821"/>
    <testCase name="Users Component Controller onNew should invoke UserBusinessService.new and UsersUiService.openUserProfilePopup" duration="773"/>
    <testCase name="Users Component Controller onSelect should invoke UsersUiService.openUserProfilePopup" duration="704"/>
  </file>
  <file path="C:\dev\ts\angular6\invoi-6\web\src\invoicing\abstracts\details.component.spec.ts">
    <testCase name="Abstract Details Component should create the component" duration="1288"/>
    <testCase name="Abstract Details Component Controller should return the id from the route params" duration="1036"/>
    <testCase name="Abstract Details Component Controller should invoke service.change when onChanged is processed" duration="886"/>
    <testCase name="Abstract Details Component Controller should invoke service.change when onChanged is processed" duration="1030"/>
    <testCase name="Abstract Details Component Controller should invoke service.create when onCreate is processed" duration="874"/>
    <testCase name="Abstract Details Component Controller should invoke service.copy when onCopy is processed" duration="729"/>
    <testCase name="Abstract Details Component Controller should invoke service.delete when onDelete is processed" duration="751"/>
    <testCase name="Abstract Details Component Controller should invoke service.new when onNew is processed" duration="685"/>
    <testCase name="Abstract Details Component Controller should invoke service.update when onUpdate is processed" duration="628"/>
  </file>
  <file path="C:\dev\ts\angular6\invoi-6\web\src\invoicing\components\invoice-item-form\invoice-item-form.component.spec.ts">
    <testCase name="Invoice Item Form Component should create the component" duration="1834"/>
    <testCase name="Invoice Item Form Component Controller should provide the correct values in the form controls" duration="1475"/>
    <testCase name="Invoice Item Form Component View should show the delete button if contract is changeable" duration="1293"/>
    <testCase name="Invoice Item Form Component View should show an error message if mandatory field is not filled" duration="1271"/>
    <testCase name="Invoice Item Form Component View should show an error if numeric field is not entered correctly" duration="1057"/>
    <testCase name="Invoice Item Form Component View should invoke onDelete if delete button is pressed" duration="1015"/>
  </file>
  <file path="C:\dev\ts\angular6\invoi-6\web\src\invoicing\containers\receiver-details\receiver-details.component.spec.ts">
    <testCase name="Receiver Details Component should create the component" duration="1415"/>
    <testCase name="Receiver Details Component Controller should invoke createQuickInvoice service if quick invoice is requested" duration="1042"/>
    <testCase name="Receiver Details Component Controller should return the correct title" duration="1043"/>
    <testCase name="Receiver Details Component Controller should initialize receiver, recent and active contracts as well as open and recent invoices" duration="993"/>
    <testCase name="Receiver Details Component View should embed the receiver form" duration="988"/>
  </file>
  <file path="C:\dev\ts\angular6\invoi-6\web\src\invoicing\containers\contract-details\contract-details.component.spec.ts">
    <testCase name="Contract Details Component should create the component" duration="1357"/>
    <testCase name="Contract Details Component Controller should invoke service.createQuickInvoice if quick invoice is requested" duration="1051"/>
    <testCase name="Contract Details Component Controller should return the correct title" duration="951"/>
    <testCase name="Contract Details Component Controller should initialize receivers and contract partner in any case" duration="910"/>
    <testCase name="Contract Details Component Controller should initialize contract, changeability and task in any case of new or copy" duration="982"/>
    <testCase name="Contract Details Component Controller should additionally initialize open and all invoices in case of edit" duration="824"/>
    <testCase name="Contract Details Component View should embed the contract form" duration="752"/>
  </file>
  <file path="C:\dev\ts\angular6\invoi-6\web\src\invoicing\containers\invoice-details\invoice-details.component.spec.ts">
    <testCase name="Invoice Details Component should create the component" duration="1583"/>
    <testCase name="Invoice Details Component Controller should invoke service.createPdf if pdf is requested" duration="1171"/>
    <testCase name="Invoice Details Component Controller should invoke service.sendEmail if email is requested" duration="958"/>
    <testCase name="Invoice Details Component Controller should return the correct title" duration="917"/>
    <testCase name="Invoice Details Component Controller should initialize invoice, receiver, contract, all receivers and all contracts in any case" duration="952"/>
    <testCase name="Invoice Details Component View should embed the invoice form if task is edit, new or copy" duration="791"/>
    <testCase name="Invoice Details Component View should embed the quick invoice form if task is quick" duration="846"/>
  </file>
  <file path="C:\dev\ts\angular6\invoi-6\web\src\invoicing\components\card-buttons\card-buttons.component.spec.ts">
    <testCase name="Card Buttons Component should create the component" duration="1314"/>
    <testCase name="Card Buttons Component View When component is initially displayed should show the details button" duration="1058"/>
    <testCase name="Card Buttons Component View When component is initially displayed should show the copy button" duration="943"/>
    <testCase name="Card Buttons Component View When component is initially displayed should not show the delete button if contract is not deletable" duration="854"/>
    <testCase name="Card Buttons Component View When component is initially displayed should navigate to object details when details button is pressed" duration="868"/>
    <testCase name="Card Buttons Component View When component is initially displayed should invoke onCopy handler when copy button is pressed" duration="725"/>
    <testCase name="Card Buttons Component When component is initially displayed for a deletable contract should show the delete button if contract is deletable" duration="764"/>
    <testCase name="Card Buttons Component When component is initially displayed for a deletable contract should invoke onDelete handler when delete button is pressed" duration="635"/>
  </file>
  <file path="C:\dev\ts\angular6\invoi-6\web\src\auth\services\users.service.spec.ts">
    <testCase name="Users Service should create the service" duration="1191"/>
    <testCase name="Users Service queryAll should invoke the queryAllUsers method of the FireStore interface" duration="1000"/>
    <testCase name="Users Service create should invoke the createOneUser of the Google Cloud Functions interface" duration="945"/>
    <testCase name="Users Service delete should invoke the deleteOneUser of the FireStore interface" duration="797"/>
    <testCase name="Users Service update should invoke the updateOneUser of the Google Cloud Functions interface" duration="786"/>
    <testCase name="Users Service updateProfile should invoke the updateOneUserProfile method of the FireStore interface" duration="704"/>
    <testCase name="Users Service getMessage should return a message content consisting of text and usage" duration="696"/>
  </file>
  <file path="C:\dev\ts\angular6\invoi-6\web\src\app\shell\shell.component.spec.ts">
    <testCase name="ShellComponent should create the component" duration="1715"/>
    <testCase name="ShellComponent should select the current state of the spinner" duration="1337"/>
    <testCase name="ShellComponent should select the current auth object" duration="1109"/>
    <testCase name="ShellComponent should select the currently authenticated user" duration="1206"/>
    <testCase name="ShellComponent user$ should be an observable of a single UserProfile object" duration="996"/>
  </file>
  <file path="C:\dev\ts\angular6\invoi-6\web\src\invoicing\components\invoice-items-form\invoice-items-form.component.spec.ts">
    <testCase name="Invoice Items Form Component should create the component" duration="1324"/>
    <testCase name="Invoice Items Form Component Controller should provide the items to the form array" duration="1021"/>
    <testCase name="Invoice Items Form Component View should show the add button if invoice is changeable" duration="1112"/>
    <testCase name="Invoice Items Form Component View should invoke onAdd if add button is pressed" duration="1532"/>
  </file>
  <file path="C:\dev\ts\angular6\invoi-6\web\src\invoicing\abstracts\details-items-form.component.spec.ts">
    <testCase name="Abstract Details Items Form Component should create the component" duration="1326"/>
    <testCase name="Abstract Details Items Form Component Controller should build the items on the form" duration="1101"/>
    <testCase name="Abstract Details Items Form Component Controller should invoke service.addItem when onAdd is handled" duration="1078"/>
    <testCase name="Abstract Details Items Form Component Controller should invoke service.change when onChanged is handled" duration="799"/>
    <testCase name="Abstract Details Items Form Component Controller should invoke service.removeItem and mark form as dirty when onDelete is handled" duration="892"/>
  </file>
  <file path="C:\dev\ts\angular6\invoi-6\web\src\invoicing\components\contract-items-form\contract-items-form.component.spec.ts">
    <testCase name="Contract Items Form Component should create the component" duration="1562"/>
    <testCase name="Contract Items Form Component Controller should provide the items to the form array" duration="1030"/>
    <testCase name="Contract Items Form Component View should show the add button if contract is changeable" duration="1126"/>
    <testCase name="Contract Items Form Component View should invoke onAdd if add button is pressed" duration="1879"/>
  </file>
  <file path="C:\dev\ts\angular6\invoi-6\web\src\invoicing\abstracts\details-item-form.component.spec.ts">
    <testCase name="Abstract Details Item Form Component should create the component" duration="1449"/>
    <testCase name="Abstract Details Item Form Component Controller should build and patch the item group when the item group is initially built" duration="1267"/>
    <testCase name="Abstract Details Item Form Component Controller should only patch the item group in case of changes when the item group has already been built" duration="1232"/>
    <testCase name="Abstract Details Item Form Component Controller should emit delete event when onDelete is handled" duration="1299"/>
  </file>
  <file path="C:\dev\ts\angular6\invoi-6\web\src\invoicing\abstracts\master.component.spec.ts">
    <testCase name="Abstract Master Component should create the component" duration="1481"/>
    <testCase name="Abstract Master Component Controller should invoke service.getSummary when ngOnInit is processed" duration="1568"/>
    <testCase name="Abstract Master Component Controller should invoke service.copy when onCopy is processed" duration="1127"/>
    <testCase name="Abstract Master Component Controller should invoke service.delete when onDelete is processed" duration="899"/>
    <testCase name="Abstract Master Component Controller should invoke service.new when onNew is processed" duration="844"/>
  </file>
  <file path="C:\dev\ts\angular6\invoi-6\web\src\app\containers\navigation\navi-header\navi-header.component.spec.ts">
    <testCase name="NaviHeaderComponent should create the component" duration="1322"/>
    <testCase name="NaviHeaderComponent Menu Items should display only the Login item if not authenticated" duration="1123"/>
    <testCase name="NaviHeaderComponent Menu Items should display only the sales items if authenticated as sales-user" duration="1134"/>
    <testCase name="NaviHeaderComponent Menu Items should display only the admin items if authenticated as admin user" duration="1009"/>
  </file>
  <file path="C:\dev\ts\angular6\invoi-6\web\src\invoicing\components\invoice-list\invoice-list.component.spec.ts">
    <testCase name="Invoice List Component should create the component" duration="1416"/>
    <testCase name="Invoice List Component Controller should provide the contracts in the data source for the table" duration="1011"/>
    <testCase name="Invoice List Component View should show a table with header line and 10 lines with invoices" duration="1245"/>
    <testCase name="Invoice List Component View should navigate to item details when contract id link button is pressed" duration="1255"/>
  </file>
  <file path="C:\dev\ts\angular6\invoi-6\web\src\invoicing\components\open-invoice-list\open-invoice-list.component.spec.ts">
    <testCase name="Open Invoice List Component should create the component" duration="1539"/>
    <testCase name="Open Invoice List Component Controller should provide the open invoices in the data source for the table" duration="1131"/>
    <testCase name="Open Invoice List Component View should show a table with header line and 5 lines with open invoices" duration="1182"/>
    <testCase name="Open Invoice List Component View should navigate to item details when contract id link button is pressed" duration="1286"/>
  </file>
  <file path="C:\dev\ts\angular6\invoi-6\web\src\invoicing\components\contract-list\contract-list.component.spec.ts">
    <testCase name="Contract List Component should create the component" duration="1314"/>
    <testCase name="Contract List Component Controller should provide the contracts in the data source for the table" duration="1320"/>
    <testCase name="Contract List Component View should show a table with header line and 4 lines with users" duration="1286"/>
    <testCase name="Contract List Component View should navigate to contract details when contract id link button is pressed" duration="1070"/>
  </file>
  <file path="C:\dev\ts\angular6\invoi-6\web\src\app\containers\navigation\navi-sidebar\navi-sidebar.component.spec.ts">
    <testCase name="NaviSidebarComponent should create the component" duration="1564"/>
    <testCase name="NaviSidebarComponent Menu Items should display only the login link if not authenticated" duration="1993"/>
    <testCase name="NaviSidebarComponent Menu Items should display only the sales items if authenticated as sales-user" duration="1077"/>
    <testCase name="NaviSidebarComponent Menu Items should display only the admin items if authenticated as admin user" duration="1092"/>
  </file>
  <file path="C:\dev\ts\angular6\invoi-6\web\src\invoicing\containers\overview\overview.component.spec.ts">
    <testCase name="Overview Component should create the component" duration="1455"/>
    <testCase name="Overview Component Controller should invoke service getDocumentLinks when main object changes" duration="1152"/>
    <testCase name="Overview Component View should embed revenue list and open invoice list" duration="1000"/>
  </file>
  <file path="C:\dev\ts\angular6\invoi-6\web\src\shared\services\ui.service.spec.ts">
    <testCase name="UiService should create the service" duration="1290"/>
    <testCase name="UiService openSnackBar should invoke the open method on the MatSnackBar" duration="1039"/>
    <testCase name="UiService openUrl should invoke the window.open method" duration="869"/>
    <testCase name="UiService openConfirmationDialog should invoke the open method on the MatDialog" duration="783"/>
  </file>
  <file path="C:\dev\ts\angular6\invoi-6\web\src\invoicing\abstracts\master-card.component.spec.ts">
    <testCase name="Abstract Master Card Component should create the component" duration="1319"/>
    <testCase name="Abstract Master Card Component Controller should emit copy event if onCopy is handled" duration="1088"/>
    <testCase name="Abstract Master Card Component Controller should emit delete event if onDelete is handled" duration="927"/>
  </file>
  <file path="C:\dev\ts\angular6\invoi-6\web\src\invoicing\popups\file-upload-dialog\file-upload-dialog.component.spec.ts">
    <testCase name="File Upload Dialog Component should create the component" duration="1603"/>
    <testCase name="File Upload Dialog Component Controller should close the dialog window" duration="1273"/>
    <testCase name="File Upload Dialog Component View should show upload and cancel buttons" duration="1125"/>
  </file>
  <file path="C:\dev\ts\angular6\invoi-6\web\src\invoicing\components\revenue-list\revenue-list.component.spec.ts">
    <testCase name="Revenue List Component should create the component" duration="1353"/>
    <testCase name="Revenue List Component Controller should provide the revenues for the recent 3 years" duration="982"/>
    <testCase name="Revenue List Component View should show a table with header line and 3 lines with revenues" duration="890"/>
  </file>
  <file path="C:\dev\ts\angular6\invoi-6\web\src\shared\popups\confirmation-dialog-popup\confirmation-dialog-popup.component.spec.ts">
    <testCase name="ConfirmationDialogPopupComponent should create the component" duration="1244"/>
    <testCase name="ConfirmationDialogPopupComponent onYes should invoke the close method of MatDialog with true" duration="1004"/>
    <testCase name="ConfirmationDialogPopupComponent onNo should invoke the close method of MatDialog with false" duration="876"/>
  </file>
  <file path="C:\dev\ts\angular6\invoi-6\web\src\invoicing\components\card-avatar\card-avatar.component.spec.ts">
    <testCase name="Card Avatar Component should create the component" duration="1245"/>
    <testCase name="Card Avatar Component View When component is initially displayed should show the correct id and color in id avatar" duration="958"/>
  </file>
  <file path="C:\dev\ts\angular6\invoi-6\web\src\auth\goodbye\goodbye.component.spec.ts">
    <testCase name="GoodbyeComponent should create the component" duration="1266"/>
    <testCase name="GoodbyeComponent Controller ngOnInit() should dispatch the Logout action in ngOnInit lifecycle event" duration="915"/>
  </file>
  <file path="C:\dev\ts\angular6\invoi-6\web\src\invoicing\components\texts-form\texts-form.component.spec.ts">
    <testCase name="Texts Form Component should create" duration="1394"/>
    <testCase name="Texts Form Component Controller should provide the correct values in the form controls" duration="971"/>
  </file>
  <file path="C:\dev\ts\angular6\invoi-6\web\src\invoicing\store\selectors\invoicing.selectors.spec.ts">
    <testCase name="Invoicing Selectors selectAllOpenInvoicesWithReceiver should return all open invoices with receiver id and name" duration="152"/>
    <testCase name="Invoicing Selectors selectAllContractsForReceiver should return all contracts for a given receiver" duration="35"/>
    <testCase name="Invoicing Selectors selectRecentContractsForReceiver should return last max 5 contracts for a given receiver" duration="46"/>
    <testCase name="Invoicing Selectors selectRecentContractsForReceiverAsObjArray should return last max 5 contracts for a given receiver as objects" duration="60"/>
    <testCase name="Invoicing Selectors selectActiveContractsForReceiver should return active contracts for a given receiver" duration="56"/>
    <testCase name="Invoicing Selectors selectActiveContractsForReceiverAsObjArray should return active contracts for a given receiver as objects" duration="57"/>
    <testCase name="Invoicing Selectors selectInvoiceableContractsForReceiver should return all invoiceable contracts for a given receiver" duration="32"/>
    <testCase name="Invoicing Selectors selectInvoiceableContractsForReceiverAsObjArray should return all invoiceable contracts for a given receiver as objects" duration="33"/>
    <testCase name="Invoicing Selectors selectAllInvoicesForReceiver should return all invoices for a given receiver" duration="44"/>
    <testCase name="Invoicing Selectors selectAllInvoicesForReceiverAsObjArray should return all invoices for a given receiver as objects" duration="83"/>
    <testCase name="Invoicing Selectors selectOpenInvoicesForReceiver should return open invoices for a given receiver" duration="59"/>
    <testCase name="Invoicing Selectors selectOpenInvoicesForReceiverAsObjArray should return open invoices for a given receiver as objects" duration="103"/>
    <testCase name="Invoicing Selectors selectLastInvoicesForReceiver should return last invoice for a given receiver" duration="11"/>
    <testCase name="Invoicing Selectors selectLastInvoicesForReceiverAsObjArray should return last invoice for a given receiver as objects" duration="28"/>
    <testCase name="Invoicing Selectors selectContractPartner should return receiver for a given contract" duration="21"/>
    <testCase name="Invoicing Selectors selectContractPartnerAsObj should return receiver for a given contract as object" duration="21"/>
    <testCase name="Invoicing Selectors selectAllInvoicesForContract should return all invoices for a given contract" duration="34"/>
    <testCase name="Invoicing Selectors selectAllInvoicesForContractAsObjArray should return all invoices for a given contract as objects" duration="23"/>
    <testCase name="Invoicing Selectors selectAllInvoicesForContractCount should return number of invoices for a given contract" duration="14"/>
    <testCase name="Invoicing Selectors selectOpenInvoicesForContract should return open invoices for a given contract" duration="23"/>
    <testCase name="Invoicing Selectors selectOpenInvoicesForContractAsObjArray should return open invoices for a given contract as objects" duration="32"/>
    <testCase name="Invoicing Selectors selectContractChangeable should return false if contract has invoices assigned" duration="20"/>
    <testCase name="Invoicing Selectors selectInvoiceReceiver should return the receiver for a given invoice" duration="32"/>
    <testCase name="Invoicing Selectors selectInvoiceReceiverAsObj should return the receiver for a given invoice as object" duration="18"/>
    <testCase name="Invoicing Selectors selectInvoiceContract should return the contract for a given invoice" duration="20"/>
    <testCase name="Invoicing Selectors selectInvoiceContractAsObj should return the contract for a given invoice as object" duration="13"/>
    <testCase name="Invoicing Selectors selectSelectableContractsForInvoice should return the contracts which can be assigned to a given invoice" duration="55"/>
    <testCase name="Invoicing Selectors selectSelectableContractsForInvoiceAsObjArray should return the contracts which can be assigned to a given invoice" duration="52"/>
    <testCase name="Invoicing Selectors selectAllInvoicesForReceiverCount should return the number of invoices a given receiver" duration="16"/>
    <testCase name="Invoicing Selectors selectAllContractsForReceiverCount should return the number of contracts a given receiver" duration="31"/>
    <testCase name="Invoicing Selectors isReceiverDeletable should return false if the receiver is assigned to contracts or invoices" duration="25"/>
    <testCase name="Invoicing Selectors isReceiverQualifiedForQuickInvoice should return true if receiver has exactly one invoiceable contract assigned" duration="38"/>
    <testCase name="Invoicing Selectors selectContractSummaries should return an array of summaries - one for each contract" duration="77"/>
    <testCase name="Invoicing Selectors selectContractSummariesAsArray should return an array of summaries - one for each contract" duration="49"/>
    <testCase name="Invoicing Selectors selectContractSummariesAsSortedArray should return an array of summaries - one for each contract" duration="61"/>
    <testCase name="Invoicing Selectors selectInvoiceSummaries should return an array of summaries - one for each invoice" duration="68"/>
    <testCase name="Invoicing Selectors selectInvoiceSummariesAsArray should return an array of summaries - one for each invoice" duration="65"/>
    <testCase name="Invoicing Selectors selectInvoiceSummariesAsSortedArray should return an array of summaries - one for each invoice" duration="78"/>
    <testCase name="Invoicing Selectors selectReceiverSummaries should return an array of summaries - one for each receiver" duration="76"/>
    <testCase name="Invoicing Selectors selectReceiverSummariesAsArray should return an array of summaries - one for each receiver" duration="91"/>
    <testCase name="Invoicing Selectors selectDocumentLinksForInvoice should return all document links for a given invoice" duration="20"/>
    <testCase name="Invoicing Selectors selectDocumentLinksForContract should return all document links for a given contract" duration="20"/>
    <testCase name="Invoicing Selectors selectDocumentLinksForReceiver should return all document links for a given receiver" duration="20"/>
    <testCase name="Invoicing Selectors isInvoiceSendable should return true if invoice PDF has been created and not yet been sent to receiver" duration="19"/>
  </file>
  <file path="C:\dev\ts\angular6\invoi-6\web\src\storage\popups\image-upload-popup\image-upload-popup.component.spec.ts">
    <testCase name="ImageUploadPopupComponent should create the component" duration="1219"/>
    <testCase name="ImageUploadPopupComponent onImageUpload should invoke the close method of MatDialog" duration="1002"/>
  </file>
  <file path="C:\dev\ts\angular6\invoi-6\web\src\invoicing\abstracts\master-list.component.spec.ts">
    <testCase name="Abstract Master List Component should create the component" duration="1301"/>
  </file>
  <file path="C:\dev\ts\angular6\invoi-6\web\src\invoicing\business-services\contracts-business.service.spec.ts">
    <testCase name="Contracts Business Service should create the service" duration="58"/>
    <testCase name="Contracts Business Service should return a meaningful contract header template" duration="33"/>
    <testCase name="Contracts Business Service should return a meaningful contract item template" duration="24"/>
    <testCase name="Contracts Business Service should return meaningful default values to be used in a new contract" duration="30"/>
    <testCase name="Contracts Business Service should retrieve correct auth data during construction" duration="40"/>
    <testCase name="Contracts Business Service should retrieve correct number range during construction" duration="22"/>
    <testCase name="Contracts Business Service should invoke newItem and change if item addition is processed" duration="27"/>
    <testCase name="Contracts Business Service should dispatch ChangeContractSuccess event if change is processed" duration="26"/>
    <testCase name="Contracts Business Service should dispatch CopyContractSuccess event if copy is processed" duration="28"/>
    <testCase name="Contracts Business Service should dispatch CreateContract action if create is processed" duration="34"/>
    <testCase name="Contracts Business Service should invoke InvoiceBusinessService.newInvoiceFromContract if createQuickInvoice is processed" duration="47"/>
    <testCase name="Contracts Business Service should dispatch OpenConfirmationDialog action if delete is processed" duration="24"/>
    <testCase name="Contracts Business Service should invoke store selector if getCurrent is processed" duration="24"/>
    <testCase name="Contracts Business Service should invoke store selector if getInvoices is processed" duration="22"/>
    <testCase name="Contracts Business Service should invoke store selector if getOpenInvoices is processed" duration="20"/>
    <testCase name="Contracts Business Service should invoke store selector if getPartner is processed" duration="25"/>
    <testCase name="Contracts Business Service should invoke store selector if getReceivers is processed" duration="35"/>
    <testCase name="Contracts Business Service should invoke store selector if getSummary is processed" duration="21"/>
    <testCase name="Contracts Business Service should invoke store selector if isDeletable is processed" duration="20"/>
    <testCase name="Contracts Business Service should dispatch NewContractSuccess event if new is processed" duration="27"/>
    <testCase name="Contracts Business Service should invoke change if removeItem is processed" duration="35"/>
    <testCase name="Contracts Business Service should dispatch UpdateContract action if update is processed" duration="30"/>
  </file>
  <file path="C:\dev\ts\angular6\invoi-6\web\src\admin\containers\settings\settings.component.spec.ts">
    <testCase name="Settings Component should create the component" duration="1446"/>
  </file>
  <file path="C:\dev\ts\angular6\invoi-6\web\src\storage\services\storage-ui.service.spec.ts">
    <testCase name="Storage UI Service should create the service" duration="1097"/>
    <testCase name="Storage UI Service openImageUploadPopup should return the file path and file" duration="1011"/>
  </file>
  <file path="C:\dev\ts\angular6\invoi-6\web\src\invoicing\containers\invoices\invoices.component.spec.ts">
    <testCase name="Invoices Component should create the component" duration="1373"/>
  </file>
  <file path="C:\dev\ts\angular6\invoi-6\web\src\invoicing\containers\receivers\receivers.component.spec.ts">
    <testCase name="Receivers Component should create the component" duration="1372"/>
  </file>
  <file path="C:\dev\ts\angular6\invoi-6\web\src\invoicing\containers\contracts\contracts.component.spec.ts">
    <testCase name="Contracts Component should create the component" duration="1372"/>
  </file>
  <file path="C:\dev\ts\angular6\invoi-6\web\src\invoicing\guards\objects.guard.spec.ts">
    <testCase name="Objects Guard should create the guard" duration="69"/>
    <testCase name="Objects Guard canActivate should return true if objects are loaded" duration="79"/>
    <testCase name="Objects Guard checkStore should return true if objects are loaded" duration="37"/>
    <testCase name="Objects Guard checkStore should dispatch object query action if objects are not yet loaded" duration="46"/>
  </file>
  <file path="C:\dev\ts\angular6\invoi-6\web\src\invoicing\store\selectors\contracts.selectors.spec.ts">
    <testCase name="Contracts Selectors selectContractEntities should return the entities object containing all contracts" duration="48"/>
    <testCase name="Contracts Selectors selectAllContracts should return an array containing all contracts" duration="30"/>
    <testCase name="Contracts Selectors selectAllContractsAsObjArray should return an array of contract objects" duration="104"/>
    <testCase name="Contracts Selectors selectContractsLoaded should return true " duration="41"/>
    <testCase name="Contracts Selectors selectCurrentContract should return the currently selected contract" duration="21"/>
    <testCase name="Contracts Selectors selectCurrentContractAsObj should return the currently selected contract as object" duration="23"/>
    <testCase name="Contracts Selectors selectSelectedContract should return the currently selected contract" duration="39"/>
    <testCase name="Contracts Selectors selectActiveContracts should return all active contracts" duration="57"/>
    <testCase name="Contracts Selectors selectInvoiceableContracts should return all invoiceable contracts" duration="57"/>
    <testCase name="Contracts Selectors selectExpiredContracts should return all expired contracts" duration="36"/>
  </file>
  <file path="C:\dev\ts\angular6\invoi-6\web\src\invoicing\containers\invoicing\invoicing.component.spec.ts">
    <testCase name="Invoicing Component should create the component" duration="1204"/>
  </file>
  <file path="C:\dev\ts\angular6\invoi-6\web\src\auth\business-services\users-business.service.spec.ts">
    <testCase name="Users Business Service should create the service" duration="43"/>
    <testCase name="Users Business Service should retrieve correct auth data during construction" duration="50"/>
    <testCase name="Users Business Service should invoke store selector if getAllUsers is processed" duration="32"/>
    <testCase name="Users Business Service should invoke store selector if getCurrent is processed" duration="36"/>
    <testCase name="Users Business Service changePassword should dispatch ChangeMyPassword action if logged in user equals requested user" duration="35"/>
    <testCase name="Users Business Service changePassword should dispatch ChangePassword action if logged in user is not requested user" duration="23"/>
    <testCase name="Users Business Service create should dispatch CreateUser action" duration="37"/>
    <testCase name="Users Business Service deleteProfileImage should dispatch DeleteFile and UpdateUser actions" duration="19"/>
    <testCase name="Users Business Service getThumbnailUrlForSize should return correct URL for given size" duration="18"/>
    <testCase name="Users Business Service new should return user template" duration="28"/>
    <testCase name="Users Business Service query should dispatch QueryUser action" duration="23"/>
    <testCase name="Users Business Service should invoke store selector if select is processed" duration="31"/>
    <testCase name="Users Business Service update should dispatch UpdateUser action" duration="26"/>
    <testCase name="Users Business Service update should dispatch UpdateProfile action" duration="27"/>
    <testCase name="Users Business Service uploadProfileImage should dispatch UploadImage action" duration="24"/>
    <testCase name="Users Business Service getImagePathFromUrl should return image path from image url" duration="22"/>
  </file>
  <file path="C:\dev\ts\angular6\invoi-6\web\src\invoicing\store\effects\settings.effects.spec.ts">
    <testCase name="Settings Effects should be created" duration="40"/>
    <testCase name="Settings Effects querySettings$ should return an array of Setting Added actions" duration="34"/>
    <testCase name="Settings Effects updateSetting$ should return an UpdateSettingSuccess action and dispatch StartSpinning action" duration="44"/>
    <testCase name="Settings Effects updateSetting$ should return an UpdateSettingFail action and dispatch StartSpinning action" duration="29"/>
    <testCase name="Settings Effects updateSettingSuccess$ should return an array of actions containing StopSpinning, OpenSnackBar and Go action" duration="32"/>
    <testCase name="Settings Effects updateSettingFail$ should return an array of actions containing StopSpinning and OpenSnackBar action" duration="39"/>
    <testCase name="Settings Effects createSetting$ should return a CreateSettingSuccess action and dispatch StartSpinning action" duration="49"/>
    <testCase name="Settings Effects createSetting$ should return a CreateSettingFail action and dispatch StartSpinning action" duration="39"/>
    <testCase name="Settings Effects createSettingSuccess$ should return an array of actions containing StopSpinning and Go action" duration="44"/>
    <testCase name="Settings Effects createSettingFail$ should return an array of actions containing StopSpinning and OpenSnackBar action" duration="41"/>
    <testCase name="Settings Effects deleteSetting$ should return an DeleteSettingSuccess action" duration="34"/>
    <testCase name="Settings Effects deleteSetting$ should return an DeleteSettingFail action " duration="25"/>
    <testCase name="Settings Effects deleteSettingSuccess$ should return an array of actions containing StopSpinning, OpenSnackBar and Go action" duration="42"/>
    <testCase name="Settings Effects deleteSettingFail$ should return an array of actions containing StopSpinning and OpenSnackBar action" duration="19"/>
    <testCase name="Settings Effects copySettingSuccess$ should return a Go action" duration="20"/>
    <testCase name="Settings Effects newSettingSuccess$ should return a Go action" duration="22"/>
  </file>
  <file path="C:\dev\ts\angular6\invoi-6\web\src\invoicing\store\effects\invoices.effects.spec.ts">
    <testCase name="Invoices Effects should be created" duration="75"/>
    <testCase name="Invoices Effects queryInvoices$ should return an array of Invoice Added actions" duration="58"/>
    <testCase name="Invoices Effects updateInvoice$ should return an UpdateInvoiceSuccess action and dispatch StartSpinning action" duration="52"/>
    <testCase name="Invoices Effects updateInvoice$ should return an UpdateInvoiceFail action and dispatch StartSpinning action" duration="48"/>
    <testCase name="Invoices Effects updateInvoiceSuccess$ should return an array of actions containing StopSpinning, OpenSnackBar and Go action" duration="21"/>
    <testCase name="Invoices Effects updateInvoiceFail$ should return an array of actions containing StopSpinning and OpenSnackBar action" duration="21"/>
    <testCase name="Invoices Effects createInvoice$ should return a CreateInvoiceSuccess action and dispatch StartSpinning action" duration="26"/>
    <testCase name="Invoices Effects createInvoice$ should return a CreateInvoiceFail action and dispatch StartSpinning action" duration="28"/>
    <testCase name="Invoices Effects createInvoiceSuccess$ should return an array of actions containing StopSpinning and Go action" duration="39"/>
    <testCase name="Invoices Effects createInvoiceFail$ should return an array of actions containing StopSpinning and OpenSnackBar action" duration="33"/>
    <testCase name="Invoices Effects deleteInvoice$ should return an DeleteInvoiceSuccess action" duration="34"/>
    <testCase name="Invoices Effects deleteInvoice$ should return an DeleteInvoiceFail action " duration="20"/>
    <testCase name="Invoices Effects deleteInvoiceSuccess$ should return an array of actions containing StopSpinning, OpenSnackBar and Go action" duration="50"/>
    <testCase name="Invoices Effects deleteInvoiceFail$ should return an array of actions containing StopSpinning and OpenSnackBar action" duration="21"/>
    <testCase name="Invoices Effects copyInvoiceSuccess$ should return a Go action" duration="32"/>
    <testCase name="Invoices Effects newInvoiceSuccess$ should return a Go action" duration="27"/>
    <testCase name="Invoices Effects newQuickInvoiceSuccess$ should return a Go action" duration="21"/>
    <testCase name="Invoices Effects createInvoicePdf$ should return a CreateInvoicePdfSuccess action and dispatch StartSpinning" duration="36"/>
    <testCase name="Invoices Effects createInvoicePdf$ should return a CreateInvoicePdfFail action and dispatch StartSpinning" duration="26"/>
    <testCase name="Invoices Effects createInvoicePdfSuccess$ should return an array of actions containing OpenSnackBar" duration="79"/>
    <testCase name="Invoices Effects createInvoicePdfFail$ should return an array of actions containing OpenSnackBar" duration="43"/>
  </file>
  <file path="C:\dev\ts\angular6\invoi-6\web\src\invoicing\store\effects\contract.effects.spec.ts">
    <testCase name="Contract Effects should be created" duration="54"/>
    <testCase name="Contract Effects queryContracts$ should return an array of Contract Added actions" duration="94"/>
    <testCase name="Contract Effects updateContract$ should return an UpdateContractSuccess action and dispatch StartSpinning action" duration="40"/>
    <testCase name="Contract Effects updateContract$ should return an UpdateContractFail action and dispatch StartSpinning action" duration="39"/>
    <testCase name="Contract Effects updateContractSuccess$ should return an array of actions containing StopSpinning, OpenSnackBar and Go action" duration="29"/>
    <testCase name="Contract Effects updateContractFail$ should return an array of actions containing StopSpinning and OpenSnackBar action" duration="25"/>
    <testCase name="Contract Effects createContract$ should return a CreateContractSuccess action and dispatch StartSpinning action" duration="39"/>
    <testCase name="Contract Effects createContract$ should return a CreateContractFail action and dispatch StartSpinning action" duration="26"/>
    <testCase name="Contract Effects createContractSuccess$ should return an array of actions containing StopSpinning and Go action" duration="44"/>
    <testCase name="Contract Effects createContractFail$ should return an array of actions containing StopSpinning and OpenSnackBar action" duration="36"/>
    <testCase name="Contract Effects deleteContract$ should return an DeleteContractSuccess action" duration="26"/>
    <testCase name="Contract Effects deleteContract$ should return an DeleteContractFail action " duration="30"/>
    <testCase name="Contract Effects deleteContractSuccess$ should return an array of actions containing StopSpinning, OpenSnackBar and Go action" duration="28"/>
    <testCase name="Contract Effects deleteContractFail$ should return an array of actions containing StopSpinning and OpenSnackBar action" duration="46"/>
    <testCase name="Contract Effects copyContractSuccess$ should return a Go action" duration="26"/>
    <testCase name="Contract Effects newContractSuccess$ should return a Go action" duration="28"/>
  </file>
  <file path="C:\dev\ts\angular6\invoi-6\web\src\auth\store\effects\auth.effects.spec.ts">
    <testCase name="Auth Effects should be created" duration="43"/>
    <testCase name="Auth Effects initAuth$ should return an Authenticated action, with the user profile" duration="49"/>
    <testCase name="Auth Effects initAuth$ should return a NotAuthenticated action, with an error" duration="55"/>
    <testCase name="Auth Effects queryAuth$ should return an Authenticated action, with the user profile" duration="30"/>
    <testCase name="Auth Effects queryAuth$ should return a NotAuthenticated action, with an error" duration="31"/>
    <testCase name="Auth Effects login$ should return a QueryAuth action, and dispatch the StartSpinning action" duration="24"/>
    <testCase name="Auth Effects login$ should return a NotAuthenticated action, and dispatch the StartSpinning action" duration="52"/>
    <testCase name="Auth Effects logout$ should return a ClearState action" duration="59"/>
    <testCase name="Auth Effects authenticated$ should return an array of actions containing QueryOneUser, StopSpinning and LeaveLogin action" duration="30"/>
    <testCase name="Auth Effects notAuthenticated$ should return an array of actions containing Go and StopSpinning" duration="37"/>
    <testCase name="Auth Effects changeMyPassword$ should return a ChangeMyPasswordSuccess action, and dispatch the StartSpinning action" duration="24"/>
    <testCase name="Auth Effects changeMyPassword$ should return a ChangeMyPasswordFail action, and dispatch the StartSpinning action" duration="25"/>
    <testCase name="Auth Effects changeMyPasswordSuccess$ should return an array of actions containing StopSpinning and OpenSnackBar" duration="26"/>
    <testCase name="Auth Effects changeMyPasswordFail$ should return an array of actions containing StopSpinning and OpenSnackBar" duration="35"/>
    <testCase name="Auth Effects changePassword$ should return a ChangePasswordSuccess action, and dispatch the StartSpinning action" duration="25"/>
    <testCase name="Auth Effects changePassword$ should return a ChangePasswordFail action, and dispatch the StartSpinning action" duration="25"/>
    <testCase name="Auth Effects changePasswordSuccess$ should return an array of actions containing StopSpinning and OpenSnackBar" duration="23"/>
    <testCase name="Auth Effects changePasswordFail$ should return an array of actions containing StopSpinning and OpenSnackBar" duration="24"/>
  </file>
  <file path="C:\dev\ts\angular6\invoi-6\web\src\invoicing\store\selectors\invoices.selectors.spec.ts">
    <testCase name="Invoices Selectors selectInvoiceEntities should return the entities object containing all invoices" duration="53"/>
    <testCase name="Invoices Selectors selectAllInvoices should return an array containing all invoices" duration="52"/>
    <testCase name="Invoices Selectors selectAllInvoicesAsObjArray should return an array of invoice objects" duration="144"/>
    <testCase name="Invoices Selectors selectInvoicesLoaded should return true " duration="23"/>
    <testCase name="Invoices Selectors selectCurrentInvoice should return the currently selected invoice" duration="30"/>
    <testCase name="Invoices Selectors selectCurrentInvoiceAsObj should return the currently selected invoice as object" duration="23"/>
    <testCase name="Invoices Selectors selectSelectedInvoice should return the currently selected invoice" duration="27"/>
    <testCase name="Invoices Selectors selectOpenInvoices should return all open invoices" duration="155"/>
    <testCase name="Invoices Selectors selectOpenInvoicesAsObjArray should return all open invoices" duration="185"/>
    <testCase name="Invoices Selectors selectBilledInvoices should return all billed invoices" duration="57"/>
    <testCase name="Invoices Selectors selectDueInvoices should return all due invoices" duration="150"/>
    <testCase name="Invoices Selectors selectPaidInvoices should return all paid invoices" duration="43"/>
    <testCase name="Invoices Selectors selectInvoiceChangeable should return true - if invoice is changeable" duration="21"/>
  </file>
  <file path="C:\dev\ts\angular6\invoi-6\web\src\invoicing\store\effects\document-links.effects.spec.ts">
    <testCase name="Document Links Effects should be created" duration="40"/>
    <testCase name="Document Links Effects queryDocumentLinks$ should return an array of Document Links Added actions" duration="73"/>
    <testCase name="Document Links Effects queryDocumentLinksForObject$ should return an array of Document Links Added actions" duration="62"/>
    <testCase name="Document Links Effects updateDocumentLink$ should return an UpdateDocumentLinkSuccess action " duration="37"/>
    <testCase name="Document Links Effects updateDocumentLink$ should return an UpdateDocumentLinkFail action " duration="31"/>
    <testCase name="Document Links Effects createDocumentLink$ should return an CreateDocumentLinkSuccess action " duration="34"/>
    <testCase name="Document Links Effects createDocumentLink$ should return an CreateDocumentLinkFail action " duration="36"/>
    <testCase name="Document Links Effects deleteDocumentLink$ should return an DeleteDocumentLinkSuccess action " duration="41"/>
    <testCase name="Document Links Effects deleteDocumentLink$ should return an DeleteDocumentLinkFail action " duration="22"/>
  </file>
  <file path="C:\dev\ts\angular6\invoi-6\web\src\storage\store\effects\storage.effects.spec.ts">
    <testCase name="Storage Effects should be created" duration="48"/>
    <testCase name="Storage Effects deleteFile$ should return a DeleteFileSuccess action and dispatch StartSpinning action" duration="31"/>
    <testCase name="Storage Effects deleteFile$ should return an UpdateContractFail action and dispatch StartSpinning action" duration="30"/>
    <testCase name="Storage Effects deleteFileSuccess$ should return an array of actions containing StopSpinning and OpenSnackBar action" duration="37"/>
    <testCase name="Storage Effects deleteFileFail$ should return an array of actions containing StopSpinning and OpenSnackBar action" duration="23"/>
    <testCase name="Storage Effects downloadFile$ should return a DownloadFileSuccess action and dispatch StartSpinning action" duration="54"/>
    <testCase name="Storage Effects downloadFile$ should return an DownloadFileFail action and dispatch StartSpinning action" duration="27"/>
    <testCase name="Storage Effects downloadFileSuccess$ should return an array of actions containing StopSpinning, OpenUrl and OpenSnackBar action" duration="28"/>
    <testCase name="Storage Effects downloadFileFail$ should return an array of actions containing StopSpinning and OpenSnackBar action" duration="25"/>
    <testCase name="Storage Effects getMetadataFile$ should return a getMetadataFileSuccess action and dispatch StartSpinning action" duration="41"/>
    <testCase name="Storage Effects getMetadataFile$ should return an getMetadataFileFail action and dispatch StartSpinning action" duration="44"/>
    <testCase name="Storage Effects getMetadataFileSuccess$ should return an array of actions containing StopSpinning action" duration="22"/>
    <testCase name="Storage Effects getMetadataFileFail$ should return an array of actions containing StopSpinning and OpenSnackBar action" duration="27"/>
    <testCase name="Storage Effects updateMetadataFile$ should return an updateMetadataFileSuccess action and dispatch StartSpinning action" duration="26"/>
    <testCase name="Storage Effects updateMetadataFile$ should return an updateMetadataFileFail action and dispatch StartSpinning action" duration="21"/>
    <testCase name="Storage Effects updateMetadataFileSuccess$ should return an array of actions containing StopSpinning action" duration="22"/>
    <testCase name="Storage Effects updateMetadataFileFail$ should return an array of actions containing StopSpinning and OpenSnackBar action" duration="40"/>
    <testCase name="Storage Effects uploadFile$ should return a UploadFileSuccess action and dispatch StartSpinning action" duration="20"/>
    <testCase name="Storage Effects uploadFile$ should return an UploadFileFail action and dispatch StartSpinning action" duration="31"/>
    <testCase name="Storage Effects uploadFileSuccess$ should return an array of actions containing StopSpinning and OpenSnackBar action" duration="22"/>
    <testCase name="Storage Effects uploadFileFail$ should return an array of actions containing StopSpinning and OpenSnackBar action" duration="29"/>
    <testCase name="Storage Effects uploadImage$ should return an UploadFile action and invoke  openImageUploadPopup" duration="23"/>
    <testCase name="Storage Effects uploadImage$ should return an UploadImageFail action and dispatch StartSpinning action" duration="44"/>
    <testCase name="Storage Effects uploadImageSuccess$ should return an array of actions containing StopSpinning and OpenSnackBar action" duration="23"/>
    <testCase name="Storage Effects uploadImageFail$ should return an array of actions containing StopSpinning and OpenSnackBar action" duration="19"/>
  </file>
  <file path="C:\dev\ts\angular6\invoi-6\web\src\auth\guards\users.guard.spec.ts">
    <testCase name="Users Guard should create the guard" duration="86"/>
    <testCase name="Users Guard canActivate should return true if users are loaded" duration="47"/>
    <testCase name="Users Guard canActivate should dispatch QueryUsers action if users are not yet loaded" duration="67"/>
    <testCase name="Users Guard checkStore should return true if users are loaded" duration="47"/>
    <testCase name="Users Guard checkStore should dispatch QueryUsers action if users are not yet loaded" duration="47"/>
  </file>
  <file path="C:\dev\ts\angular6\invoi-6\web\src\invoicing\guards\contracts.guard.spec.ts">
    <testCase name="Contracts Guard should create the guard" duration="40"/>
  </file>
  <file path="C:\dev\ts\angular6\invoi-6\web\src\app\app.server.module.spec.ts">
    <testCase name="App Server Module should create the App Server module" duration="3"/>
  </file>
  <file path="C:\dev\ts\angular6\invoi-6\web\src\invoicing\business-services\document-links-business.service.spec.ts">
    <testCase name="Document Links Business Service should create the service" duration="43"/>
    <testCase name="Document Links Business Service should return a meaningful template for document links" duration="36"/>
    <testCase name="Document Links Business Service should dispatch ChangeDocumentLinkSuccess event when change is processed" duration="27"/>
    <testCase name="Document Links Business Service should dispatch CreateDocumentLink action when create is processed" duration="27"/>
    <testCase name="Document Links Business Service should dispatch DeleteDocumentLink action when delete is processed" duration="38"/>
    <testCase name="Document Links Business Service should return all document links for a given document" duration="56"/>
    <testCase name="Document Links Business Service should dispatch NewDocumentLinkSuccess event when new is processed" duration="31"/>
    <testCase name="Document Links Business Service should dispatch UpdateDocumentLink action when update is processed" duration="28"/>
  </file>
  <file path="C:\dev\ts\angular6\invoi-6\web\src\invoicing\guards\object-exists.guard.spec.ts">
    <testCase name="Object Exists Guard should create the guard" duration="76"/>
    <testCase name="Object Exists Guard canActivate should return true if objects are loaded and requested object exists" duration="58"/>
    <testCase name="Object Exists Guard If object id is provided in URL params should return true if objects are loaded and requested object exists" duration="55"/>
    <testCase name="Object Exists Guard If object id is provided in URL params should return false if objects are loaded and requested object does not exist" duration="48"/>
    <testCase name="Object Exists Guard If copy, new or quick command is provided in URL params should return true if objects are loaded and current object exists - in case of new" duration="41"/>
    <testCase name="Object Exists Guard If copy, new or quick command is provided in URL params should return true if objects are loaded and current object exists - in case of copy" duration="59"/>
    <testCase name="Object Exists Guard If copy, new or quick command is provided in URL params should return true if objects are loaded and current object exists - in case of quick" duration="37"/>
    <testCase name="Object Exists Guard checkStore should dispatch object queries in case objects are not yet loaded" duration="52"/>
  </file>
  <file path="C:\dev\ts\angular6\invoi-6\web\src\auth\guards\authorization.guard.spec.ts">
    <testCase name="Authorization Guard should create the guard" duration="63"/>
    <testCase name="Authorization Guard canActivate should return true if user is authorized" duration="62"/>
    <testCase name="Authorization Guard canActivate should return false if user is not authenticated" duration="58"/>
    <testCase name="Authorization Guard canActivate should return false if user is not authorized" duration="48"/>
    <testCase name="Authorization Guard canLoad should return true if user is authorized" duration="49"/>
    <testCase name="Authorization Guard canLoad should return false if user is not authenticated" duration="42"/>
    <testCase name="Authorization Guard canLoad should return false if user is not authorized" duration="45"/>
    <testCase name="Authorization Guard checkAuthorization should return true if user is authorized" duration="47"/>
    <testCase name="Authorization Guard checkAuthorization should throw an error if user is not authorized" duration="43"/>
    <testCase name="Authorization Guard checkAuthorization should return false if user is not authenticated" duration="40"/>
  </file>
  <file path="C:\dev\ts\angular6\invoi-6\web\src\auth\guards\authentication.guard.spec.ts">
    <testCase name="Authentication Guard should create the guard" duration="65"/>
    <testCase name="Authentication Guard canActivate should return true if user is authenticated" duration="61"/>
    <testCase name="Authentication Guard canActivate should return false if user is not authenticated" duration="57"/>
    <testCase name="Authentication Guard canLoad should return true if user is authenticated" duration="42"/>
    <testCase name="Authentication Guard canLoad should return false if user is not authenticated" duration="39"/>
    <testCase name="Authentication Guard checkUser should return true if user is authenticated" duration="34"/>
    <testCase name="Authentication Guard checkUser should return false if user is not authenticated" duration="36"/>
  </file>
  <file path="C:\dev\ts\angular6\invoi-6\web\src\invoicing\guards\number-ranges.guard.spec.ts">
    <testCase name="Number Ranges Guard should create the guard" duration="47"/>
  </file>
  <file path="C:\dev\ts\angular6\invoi-6\web\src\auth\store\effects\user.effects.spec.ts">
    <testCase name="User Effects should be created" duration="53"/>
    <testCase name="User Effects queryUsers$ should return an array of user actions" duration="36"/>
    <testCase name="User Effects queryOneUser$ should return a single user action" duration="52"/>
    <testCase name="User Effects updateUser$ should return an UpdateUserSuccess action and dispatch StartSpinning action" duration="33"/>
    <testCase name="User Effects updateUser$ should return an UpdateUserFail action and dispatch StartSpinning action" duration="33"/>
    <testCase name="User Effects updateUserSuccess$ should return an array of actions containing StopSpinning, OpenSnackBar and Go action" duration="35"/>
    <testCase name="User Effects updateUserFail$ should return an array of actions containing StopSpinning, OpenSnackBar and Go action" duration="34"/>
    <testCase name="User Effects updateUserProfile$ should return an UpdateUserProfileSuccess action and dispatch StartSpinning action" duration="52"/>
    <testCase name="User Effects updateUserProfile$ should return an UpdateUserProfileFail action and dispatch StartSpinning action" duration="26"/>
    <testCase name="User Effects updateUserProfileSuccess$ should return an array of actions containing StopSpinning and OpenSnackBar" duration="34"/>
    <testCase name="User Effects updateUserProfileFail$ should return an array of actions containing StopSpinning and OpenSnackBar" duration="29"/>
    <testCase name="User Effects createUser$ should return a CreateUserSuccessSuccess action and dispatch StartSpinning action" duration="26"/>
    <testCase name="User Effects createUser$ should return a CreateUserFail action and dispatch StartSpinning action" duration="32"/>
    <testCase name="User Effects createUserSuccess$ should return an array of actions containing StopSpinning, OpenSnackBar and Go" duration="31"/>
    <testCase name="User Effects createUserFail$ should return an array of actions containing StopSpinning, OpenSnackBar and Go" duration="22"/>
  </file>
  <file path="C:\dev\ts\angular6\invoi-6\web\src\auth\store\selectors\user.selectors.spec.ts">
    <testCase name="User Selectors selectUserEntities should return the entities object containing 4 users" duration="44"/>
    <testCase name="User Selectors selectAllUsers should return an array containing all users" duration="24"/>
    <testCase name="User Selectors selectAllUsersAsObjArray should return an array of user objects" duration="35"/>
    <testCase name="User Selectors selectUsersLoaded should return true " duration="24"/>
    <testCase name="User Selectors selectCurrentUser should return the currently logged in user " duration="59"/>
    <testCase name="User Selectors selectCurrentUserAsObj should return the currently logged in user as object" duration="30"/>
    <testCase name="User Selectors selectSelectedUser should return the currently selected user" duration="25"/>
    <testCase name="User Selectors selectMoreThanOneUserLoaded should return true" duration="31"/>
  </file>
  <file path="C:\dev\ts\angular6\invoi-6\web\src\invoicing\store\selectors\receivers.selectors.spec.ts">
    <testCase name="Receivers Selectors selectReceiverIds should return the ids of all receivers" duration="39"/>
    <testCase name="Receivers Selectors selectReceiverEntities should return the entities object containing all receivers" duration="23"/>
    <testCase name="Receivers Selectors selectAllReceivers should return an array containing all receivers" duration="38"/>
    <testCase name="Receivers Selectors selectAllReceiversAsObjArray should return an array of receiver objects" duration="21"/>
    <testCase name="Receivers Selectors selectReceiversLoaded should return true " duration="31"/>
    <testCase name="Receivers Selectors selectCurrentReceiver should return the currently selected receiver" duration="23"/>
    <testCase name="Receivers Selectors selectCurrentReceiverAsObj should return the currently selected receiver as object" duration="17"/>
    <testCase name="Receivers Selectors selectSelectedReceiver should return the currently selected receiver" duration="26"/>
    <testCase name="Receivers Selectors selectAllReceiversSorted should return an array containing all receivers, sorted by id" duration="45"/>
    <testCase name="Receivers Selectors selectAllReceiversSortedAsObjArray should return an array of receiver objects, sorted by id" duration="23"/>
    <testCase name="Receivers Selectors selectActiveReceiversSortedAsObjArray should return an array of all active receiver objects, sorted by id" duration="30"/>
  </file>
  <file path="C:\dev\ts\angular6\invoi-6\web\src\invoicing\store\effects\receivers.effects.spec.ts">
    <testCase name="Receiver Effects should be created" duration="61"/>
    <testCase name="Receiver Effects queryReceivers$ should return an array of Receiver Added actions" duration="43"/>
    <testCase name="Receiver Effects updateReceiver$ should return an UpdateReceiverSuccess action and dispatch StartSpinning action" duration="38"/>
    <testCase name="Receiver Effects updateReceiver$ should return an UpdateReceiverFail action and dispatch StartSpinning action" duration="36"/>
    <testCase name="Receiver Effects updateReceiverSuccess$ should return an array of actions containing StopSpinning, OpenSnackBar and Go action" duration="32"/>
    <testCase name="Receiver Effects updateReceiverFail$ should return an array of actions containing StopSpinning and OpenSnackBar action" duration="32"/>
    <testCase name="Receiver Effects createReceiver$ should return a CreateReceiverSuccess action and dispatch StartSpinning action" duration="56"/>
    <testCase name="Receiver Effects createReceiver$ should return a CreateReceiverFail action and dispatch StartSpinning action" duration="26"/>
    <testCase name="Receiver Effects createReceiverSuccess$ should return an array of actions containing StopSpinning and Go action" duration="21"/>
    <testCase name="Receiver Effects createReceiverFail$ should return an array of actions containing StopSpinning and OpenSnackBar action" duration="29"/>
    <testCase name="Receiver Effects deleteReceiver$ should return an DeleteReceiverSuccess action" duration="22"/>
    <testCase name="Receiver Effects deleteReceiver$ should return an DeleteReceiverFail action " duration="33"/>
    <testCase name="Receiver Effects deleteReceiverSuccess$ should return an array of actions containing StopSpinning, OpenSnackBar and Go action" duration="22"/>
    <testCase name="Receiver Effects deleteReceiverFail$ should return an array of actions containing StopSpinning and OpenSnackBar action" duration="36"/>
    <testCase name="Receiver Effects copyReceiverSuccess$ should return a Go action" duration="24"/>
    <testCase name="Receiver Effects newReceiverSuccess$ should return a Go action" duration="19"/>
  </file>
  <file path="C:\dev\ts\angular6\invoi-6\web\src\invoicing\services\invoices.service.spec.ts">
    <testCase name="Invoices Service should create the service" duration="67"/>
    <testCase name="Invoices Service should invoke create PDF function" duration="25"/>
    <testCase name="Invoices Service should invoke send email function" duration="27"/>
  </file>
  <file path="C:\dev\ts\angular6\invoi-6\web\src\admin\business-services\settings-business.service.spec.ts">
    <testCase name="Settings Business Service should create the service" duration="38"/>
    <testCase name="Settings Business Service should invoke store selector if getSettings is processed" duration="30"/>
    <testCase name="Settings Business Service should return the supported languages from environment" duration="30"/>
    <testCase name="Settings Business Service should invoke store selector if getCountrySettings is processed" duration="27"/>
    <testCase name="Settings Business Service should return country settings" duration="41"/>
    <testCase name="Settings Business Service should invoke store selector if getVatSettings is processed" duration="23"/>
    <testCase name="Settings Business Service should dispatch UpdateSettingFail event if update on settings fails" duration="29"/>
    <testCase name="Settings Business Service should dispatch UpdateSetting action when update is processed" duration="28"/>
  </file>
  <file path="C:\dev\ts\angular6\invoi-6\web\src\storage\services\storage-api.service.spec.ts">
    <testCase name="Storage Api Service should create the service" duration="44"/>
    <testCase name="Storage Api Service delete should invoke the deleteFile method of the FireStorage interface" duration="30"/>
    <testCase name="Storage Api Service download should invoke the downloadFile method of the FireStorage interface" duration="28"/>
    <testCase name="Storage Api Service getMetadata should invoke the getMetadata method of the FireStorage interface" duration="38"/>
    <testCase name="Storage Api Service updateMetadata should invoke the updateMetadata method of the FireStorage interface" duration="21"/>
    <testCase name="Storage Api Service upload should invoke the uploadFile method of the FireStorage interface" duration="25"/>
  </file>
  <file path="C:\dev\ts\angular6\invoi-6\web\src\auth\directives\if-authorized-for-sales.directive.spec.ts">
    <testCase name="IfAuthorizedForSalesDirective should create an instance" duration="2"/>
  </file>
  <file path="C:\dev\ts\angular6\invoi-6\web\src\invoicing\guards\receiver-exists.guard.spec.ts">
    <testCase name="Receiver Exists Guard should create the guard" duration="35"/>
    <testCase name="Receiver Exists Guard check if invoice exists should return true if requested receiver exists" duration="33"/>
    <testCase name="Receiver Exists Guard check if invoice exists should return false if requested receiver does not exist" duration="43"/>
  </file>
  <file path="C:\dev\ts\angular6\invoi-6\web\src\invoicing\store\reducers\document-links.reducer.spec.ts">
    <testCase name="Document Links Reducer undefined action should return the default state" duration="2"/>
    <testCase name="Document Links Reducer Query Document Links Action should toggle the loading state" duration="1"/>
    <testCase name="Document Links Reducer Added Document Link Event should toggle the loading state and add a document link to the state" duration="1"/>
    <testCase name="Document Links Reducer Modified Document Link Event should update the document link in the state" duration="11"/>
    <testCase name="Document Links Reducer Removed Document Link Event should remove the document link from the state" duration="2"/>
  </file>
  <file path="C:\dev\ts\angular6\invoi-6\web\src\invoicing\invoicing.module.spec.ts">
    <testCase name="Invoicing Module should create the module" duration="3"/>
  </file>
  <file path="C:\dev\ts\angular6\invoi-6\web\src\admin\guards\settings.guard.spec.ts">
    <testCase name="Settings Guard should create the guard" duration="36"/>
  </file>
  <file path="C:\dev\ts\angular6\invoi-6\web\src\invoicing\guards\contract-exists.guard.spec.ts">
    <testCase name="Contract Exists Guard should create the guard" duration="76"/>
    <testCase name="Contract Exists Guard check if contract exists should return true if requested object exists" duration="90"/>
    <testCase name="Contract Exists Guard check if contract exists should return false if requested object does not exist" duration="44"/>
  </file>
  <file path="C:\dev\ts\angular6\invoi-6\web\src\app\app-routing.module.spec.ts">
    <testCase name="App Routing Module should create the App Routing module" duration="4"/>
  </file>
  <file path="C:\dev\ts\angular6\invoi-6\web\src\invoicing\store\reducers\settings.reducer.spec.ts">
    <testCase name="Settings Reducer undefined action should return the default state" duration="2"/>
    <testCase name="Settings Reducer Query Settings Action should toggle the loading state" duration="2"/>
    <testCase name="Settings Reducer Added Setting Event should toggle the loading state and add a setting to the state" duration="1"/>
    <testCase name="Settings Reducer Modified Setting Event should update the setting in the state" duration="1"/>
    <testCase name="Settings Reducer Removed Setting Event should remove the setting from the state" duration="1"/>
    <testCase name="Settings Reducer Copy Setting Success Event should set the current setting in state" duration="6"/>
    <testCase name="Settings Reducer New Setting Success Event should set the current setting in state" duration="2"/>
    <testCase name="Settings Reducer Select Setting Command should set the current setting in state" duration="1"/>
    <testCase name="Settings Reducer Change Setting Success Event should set the current setting in state" duration="2"/>
  </file>
  <file path="C:\dev\ts\angular6\invoi-6\web\src\shared\i18n-utility\i18n-utility.service.spec.ts">
    <testCase name="I18N Utilities should create the service" duration="53"/>
    <testCase name="I18N Utilities fromLocalAmount should convert a local amount string into a valid number" duration="33"/>
    <testCase name="I18N Utilities toLocalAmount should convert an amount (number) into a local amount string" duration="34"/>
    <testCase name="I18N Utilities fromLocalPercent should convert a local percentage string into a valid number" duration="29"/>
    <testCase name="I18N Utilities toLocalPercent should convert a percentage (number) into a local percentage string" duration="34"/>
    <testCase name="I18N Utilities toLocalISOString should convert a date to a local ISO string" duration="25"/>
    <testCase name="I18N Utilities toLocalDateISOString should convert a date to a local ISO date string" duration="27"/>
    <testCase name="I18N Utilities generateAbbrevMonthNames should return an array of 12 month abbreviations" duration="35"/>
  </file>
  <file path="C:\dev\ts\angular6\invoi-6\web\src\invoicing\guards\document-links.guard.spec.ts">
    <testCase name="Document Links Guard should create the guard" duration="45"/>
  </file>
  <file path="C:\dev\ts\angular6\invoi-6\web\src\app\app.module.spec.ts">
    <testCase name="AppModule should create the App module" duration="3"/>
  </file>
  <file path="C:\dev\ts\angular6\invoi-6\web\src\admin\services\settings.service.spec.ts">
    <testCase name="Settings Service should create the service" duration="66"/>
  </file>
  <file path="C:\dev\ts\angular6\invoi-6\web\src\invoicing\services\document-links.service.spec.ts">
    <testCase name="Document Links Service should create the service" duration="52"/>
    <testCase name="Document Links Service should invoke query all document links for objects" duration="31"/>
    <testCase name="Document Links Service should invoke create document link" duration="30"/>
  </file>
  <file path="C:\dev\ts\angular6\invoi-6\web\src\invoicing\guards\invoices.guard.spec.ts">
    <testCase name="Invoices Guard should create the guard" duration="43"/>
  </file>
  <file path="C:\dev\ts\angular6\invoi-6\web\src\invoicing\invoicing-routing.module.spec.ts">
    <testCase name="Invoicing Module should create the module" duration="2"/>
  </file>
  <file path="C:\dev\ts\angular6\invoi-6\web\src\invoicing\services\number-ranges.service.spec.ts">
    <testCase name="Number Ranges Service should create the service" duration="42"/>
  </file>
  <file path="C:\dev\ts\angular6\invoi-6\web\src\invoicing\services\objects-api.service.spec.ts">
    <testCase name="Objects Api Service should create the service" duration="63"/>
    <testCase name="Objects Api Service should invoke queryAll of fire store service, when queryAll is processed" duration="33"/>
    <testCase name="Objects Api Service should invoke documentExists and createDocument of fire store service if create is processed" duration="48"/>
    <testCase name="Objects Api Service should return an error if document to be created already exists" duration="29"/>
    <testCase name="Objects Api Service should invoke documentExists and deleteDocument of fire store service if delete is processed" duration="27"/>
    <testCase name="Objects Api Service should return an error if document to be deleted does not exist" duration="26"/>
    <testCase name="Objects Api Service should invoke updateDocument of fire store service if update is processed" duration="32"/>
    <testCase name="Objects Api Service should return message" duration="23"/>
  </file>
  <file path="C:\dev\ts\angular6\invoi-6\web\src\invoicing\guards\invoice-exists.guard.spec.ts">
    <testCase name="Invoice Exists Guard should create the guard" duration="46"/>
    <testCase name="Invoice Exists Guard check if invoice exists should return true if requested object exists" duration="31"/>
    <testCase name="Invoice Exists Guard check if invoice exists should return false if requested object does not exist" duration="40"/>
  </file>
  <file path="C:\dev\ts\angular6\invoi-6\web\src\invoicing\business-services\revenues-business.service.spec.ts">
    <testCase name="Revenues Business Service should create the service" duration="166"/>
    <testCase name="Revenues Business Service should calculate the revenues of the last 3 calendar years - including current year" duration="92"/>
    <testCase name="Revenues Business Service should invoke store selector if selectOpenInvoices is processed" duration="61"/>
  </file>
  <file path="C:\dev\ts\angular6\invoi-6\web\src\auth\auth.module.spec.ts">
    <testCase name="AuthModule should create the module" duration="35"/>
  </file>
  <file path="C:\dev\ts\angular6\invoi-6\web\src\invoicing\guards\receivers.guard.spec.ts">
    <testCase name="Receivers Guard should create the guard" duration="57"/>
  </file>
  <file path="C:\dev\ts\angular6\invoi-6\web\src\app\store\reducers\ui.reducer.spec.ts">
    <testCase name="Ui Reducer undefined action should return the current state" duration="3"/>
    <testCase name="Ui Reducer StartSpinning action should set isSpinning to true" duration="3"/>
    <testCase name="Ui Reducer StopSpinning action should set isSpinning to true" duration="2"/>
  </file>
  <file path="C:\dev\ts\angular6\invoi-6\web\src\invoicing\store\selectors\settings.selectors.spec.ts">
    <testCase name="Settings Selectors selectSettingEntities should return the entities object containing all settings" duration="48"/>
    <testCase name="Settings Selectors selectAllSettings should return an array containing all settings" duration="36"/>
    <testCase name="Settings Selectors selectSettingsLoaded should return true " duration="25"/>
    <testCase name="Settings Selectors selectAllCountrySetting should return all country settings" duration="17"/>
    <testCase name="Settings Selectors selectAllVatSetting should return all vat settings" duration="83"/>
  </file>
  <file path="C:\dev\ts\angular6\invoi-6\web\src\invoicing\services\receivers.service.spec.ts">
    <testCase name="Receivers Service should create the service" duration="74"/>
  </file>
  <file path="C:\dev\ts\angular6\invoi-6\web\src\invoicing\services\contracts.service.spec.ts">
    <testCase name="Contracts Service should create the service" duration="39"/>
  </file>
  <file path="C:\dev\ts\angular6\invoi-6\web\src\app\store\selectors\ui.selectors.spec.ts">
    <testCase name="Ui Selectors selectIsSpinning should return true or false" duration="2"/>
  </file>
  <file path="C:\dev\ts\angular6\invoi-6\web\src\invoicing\store\effects\number-ranges.effects.spec.ts">
    <testCase name="Number Ranges Effects should be created" duration="43"/>
    <testCase name="Number Ranges Effects queryNumberRanges$ should return an array of Number Ranges Added actions" duration="56"/>
    <testCase name="Number Ranges Effects updateNumberRange$ should return an UpdateNumberRangeSuccess action " duration="43"/>
  </file>
  <file path="C:\dev\ts\angular6\invoi-6\web\src\app\store\effects\router.effects.spec.ts">
    <testCase name="Router Effects effects should be created" duration="67"/>
    <testCase name="Router Effects Go should be defined" duration="46"/>
    <testCase name="Router Effects Back should be defined" duration="44"/>
    <testCase name="Router Effects Forward should be defined" duration="46"/>
  </file>
  <file path="C:\dev\ts\angular6\invoi-6\web\src\invoicing\store\reducers\contracts.reducer.spec.ts">
    <testCase name="Contracts Reducer undefined action should return the default state" duration="2"/>
    <testCase name="Contracts Reducer Query Contracts Action should toggle the loading state" duration="1"/>
    <testCase name="Contracts Reducer Added Contract Event should toggle the loading state and add a contract to the state" duration="13"/>
    <testCase name="Contracts Reducer Modified Contract Event should update the contract in the state" duration="5"/>
    <testCase name="Contracts Reducer Removed Contract Event should remove the contract from the state" duration="4"/>
    <testCase name="Contracts Reducer Copy Contract Success Event should set the current contract in state" duration="4"/>
    <testCase name="Contracts Reducer New Contract Success Event should set the current contract in state" duration="3"/>
    <testCase name="Contracts Reducer Select Contract Command should set the current contract in state" duration="3"/>
    <testCase name="Contracts Reducer Change Contract Success Event should set the current contract in state" duration="3"/>
    <testCase name="Contracts Reducer Remove All Contracts Command should clear the state" duration="4"/>
  </file>
  <file path="C:\dev\ts\angular6\invoi-6\web\src\auth\auth-routing.module.spec.ts">
    <testCase name="Auth Routing Module should create the module" duration="3"/>
  </file>
  <file path="C:\dev\ts\angular6\invoi-6\web\src\invoicing\store\selectors\document-links.selectors.spec.ts">
    <testCase name="Document Links Selectors selectDocumentLinkEntities should return the entities object containing all document links" duration="102"/>
    <testCase name="Document Links Selectors selectAllDocumentLinks should return an array containing all document links" duration="27"/>
    <testCase name="Document Links Selectors selectDocumentLinksLoaded should return true " duration="65"/>
  </file>
  <file path="C:\dev\ts\angular6\invoi-6\web\src\auth\store\selectors\auth.selectors.spec.ts">
    <testCase name="Auth Selectors selectAllAuth should return the authenticated user" duration="2"/>
    <testCase name="Auth Selectors selectAuthLoading should return the current loading state" duration="1"/>
    <testCase name="Auth Selectors selectAuth should return the current authenticated user" duration="1"/>
  </file>
  <file path="C:\dev\ts\angular6\invoi-6\web\src\app\store\effects\ui.effects.spec.ts">
    <testCase name="Ui Effects should be created" duration="39"/>
    <testCase name="Ui Effects OpenSnackBar should invoke UiService to open snackbar" duration="39"/>
    <testCase name="Ui Effects OpenUrl should invoke UiService to open URL" duration="27"/>
    <testCase name="Ui Effects OpenConfirmationDialog should invoke UiService to open confirmation dialog and return Do-Action on confirmation" duration="34"/>
    <testCase name="Ui Effects OpenConfirmationDialog should invoke UiService to open confirmation dialog and return nothing on cancellation" duration="27"/>
  </file>
  <file path="C:\dev\ts\angular6\invoi-6\web\src\invoicing\store\selectors\number-ranges.selectors.spec.ts">
    <testCase name="Number Ranges Selectors selectNumberRangeEntities should return the entities object containing all document links" duration="64"/>
    <testCase name="Number Ranges Selectors selectNumberRangesLoaded should return true " duration="29"/>
  </file>
  <file path="C:\dev\ts\angular6\invoi-6\web\src\invoicing\store\reducers\invoices.reducer.spec.ts">
    <testCase name="Invoices Reducer undefined action should return the default state" duration="3"/>
    <testCase name="Invoices Reducer Query Invoices Action should toggle the loading state" duration="2"/>
    <testCase name="Invoices Reducer Added Invoice Event should toggle the loading state and add a invoice to the state" duration="2"/>
    <testCase name="Invoices Reducer Modified Invoice Event should update the invoice in the state" duration="2"/>
    <testCase name="Invoices Reducer Removed Invoice Event should remove the invoice from the state" duration="2"/>
    <testCase name="Invoices Reducer Copy Invoice Success Event should set the current invoice in state" duration="1"/>
    <testCase name="Invoices Reducer New Invoice Success Event should set the current invoice in state" duration="2"/>
    <testCase name="Invoices Reducer Select Invoice Command should set the current invoice in state" duration="1"/>
    <testCase name="Invoices Reducer Change Invoice Success Event should set the current invoice in state" duration="2"/>
  </file>
  <file path="C:\dev\ts\angular6\invoi-6\web\src\shared\services\log.service.spec.ts">
    <testCase name="LogService should create the logger" duration="41"/>
    <testCase name="LogService should print a line to the console" duration="51"/>
  </file>
  <file path="C:\dev\ts\angular6\invoi-6\web\src\app\containers\app.component.spec.ts">
    <testCase name="AppComponent should create the app" duration="104"/>
  </file>
  <file path="C:\dev\ts\angular6\invoi-6\web\src\storage\storage.module.spec.ts">
    <testCase name="StorageModule should create the module" duration="2"/>
  </file>
  <file path="C:\dev\ts\angular6\invoi-6\web\src\shared\material.module.spec.ts">
    <testCase name="MaterialModule should create the Material module" duration="2"/>
  </file>
  <file path="C:\dev\ts\angular6\invoi-6\web\src\invoicing\store\reducers\receivers.reducer.spec.ts">
    <testCase name="Receivers Reducer undefined action should return the default state" duration="4"/>
    <testCase name="Receivers Reducer Query Receivers Action should toggle the loading state" duration="1"/>
    <testCase name="Receivers Reducer Added Receiver Event should toggle the loading state and add a receiver to the state" duration="2"/>
    <testCase name="Receivers Reducer Modified Receiver Event should update the receiver in the state" duration="2"/>
    <testCase name="Receivers Reducer Removed Receiver Event should remove the receiver from the state" duration="1"/>
    <testCase name="Receivers Reducer Copy Receiver Success Event should set the current receiver in state" duration="2"/>
    <testCase name="Receivers Reducer New Receiver Success Event should set the current receiver in state" duration="1"/>
    <testCase name="Receivers Reducer Select Receiver Command should set the current receiver in state" duration="3"/>
    <testCase name="Receivers Reducer Change Receiver Success Event should set the current receiver in state" duration="1"/>
  </file>
  <file path="C:\dev\ts\angular6\invoi-6\web\src\shared\utilities\phone-numbers.spec.ts">
    <testCase name="Test Phone Numbers should identify the number as phone number" duration="5"/>
  </file>
  <file path="C:\dev\ts\angular6\invoi-6\web\src\invoicing\store\reducers\number-ranges.reducer.spec.ts">
    <testCase name="Number Ranges Reducer undefined action should return the default state" duration="3"/>
    <testCase name="Number Ranges Reducer Query Number Ranges Action should toggle the loading state" duration="2"/>
    <testCase name="Number Ranges Reducer Added Number Range Event should toggle the loading state and add a number range to the state" duration="3"/>
    <testCase name="Number Ranges Reducer Modified Number Range Event should update the number range in the state" duration="2"/>
    <testCase name="Number Ranges Reducer Removed Number Range Event should remove the number range from the state" duration="1"/>
  </file>
  <file path="C:\dev\ts\angular6\invoi-6\web\src\shared\shared.module.spec.ts">
    <testCase name="SharedModule should create the Shared module" duration="2"/>
  </file>
  <file path="C:\dev\ts\angular6\invoi-6\web\src\app\app-shell\app-shell.component.spec.ts">
    <testCase name="App Shell Component should create the component" duration="88"/>
  </file>
  <file path="C:\dev\ts\angular6\invoi-6\web\src\auth\store\reducers\users.reducer.spec.ts">
    <testCase name="Users Reducer undefined action should return the default state" duration="2"/>
    <testCase name="Users Reducer QueryUsers Action should toggle the loading state" duration="1"/>
    <testCase name="Users Reducer AddedUser Event should toggle the loading state and add an user to the state" duration="2"/>
    <testCase name="Users Reducer ModifiedUser Event should update the user in the state" duration="2"/>
    <testCase name="Users Reducer RemovedUser Event should remove the user from the state" duration="1"/>
  </file>
  <file path="C:\dev\ts\angular6\invoi-6\web\src\auth\store\reducers\auth.reducer.spec.ts">
    <testCase name="Auth Reducer undefined action should return the default state" duration="3"/>
    <testCase name="Auth Reducer QueryAuth Action should toggle the loading state" duration="2"/>
    <testCase name="Auth Reducer Login Action should toggle the loading state" duration="1"/>
    <testCase name="Auth Reducer Authenticated Event should add the authenticated user and toggle loading / loaded in state" duration="2"/>
    <testCase name="Auth Reducer NotAuthenticated Event should keep the state as is, set error and toggle loaded" duration="2"/>
    <testCase name="Auth Reducer Logout Action should clear the state to initial State" duration="2"/>
  </file>
  <file path="C:\dev\ts\angular6\invoi-6\web\src\auth\validators\password.validator.spec.ts">
    <testCase name="Password Validator should return an error if password and confirmation do not match" duration="2"/>
    <testCase name="Password Validator should return no error if password and confirmation match" duration="1"/>
  </file>
  <file path="C:\dev\ts\angular6\invoi-6\web\src\app\home\home.component.spec.ts">
    <testCase name="HomeComponent should create the component" duration="96"/>
  </file>
  <file path="C:\dev\ts\angular6\invoi-6\web\src\invoicing\validators\minOneItem.validator.spec.ts">
    <testCase name="Min One Item Validator should return an error if no item exists" duration="2"/>
    <testCase name="Min One Item Validator should not return an error if at least one item exists" duration="3"/>
  </file>
  <file path="C:\dev\ts\angular6\invoi-6\web\src\invoicing\validators\endDate.validator.spec.ts">
    <testCase name="End Date Validator should return an error if startDate &gt; endDate" duration="8"/>
    <testCase name="End Date Validator should not return an error if endDate &gt; startDate" duration="3"/>
    <testCase name="End Date Validator should not return an error if endDate = startDate" duration="2"/>
  </file>
  <file path="C:\dev\ts\angular6\invoi-6\web\src\auth\directives\if-authorized-for-sales-edit.directive.spec.ts">
    <testCase name="IfAuthorizedForSalesEditDirective should create an instance" duration="1"/>
  </file>
</testExecutions>